This is pdfTeX, Version 3.14159265-2.6-1.40.15 (TeX Live 2014/Debian) (preloaded format=pdflatex 2014.10.31)  26 DEC 2014 15:04
entering extended mode
 restricted \write18 enabled.
 %&-line parsing enabled.
**"Analisis matematico II.tex"
(./Analisis matematico II.tex
LaTeX2e <2014/05/01>
Babel <3.9k> and hyphenation patterns for 7 languages loaded.
(/usr/share/texlive/texmf-dist/tex/latex/base/article.cls
Document Class: article 2007/10/19 v1.4h Standard LaTeX document class
(/usr/share/texlive/texmf-dist/tex/latex/base/size10.clo
File: size10.clo 2007/10/19 v1.4h Standard LaTeX file (size option)
)
\c@part=\count79
\c@section=\count80
\c@subsection=\count81
\c@subsubsection=\count82
\c@paragraph=\count83
\c@subparagraph=\count84
\c@figure=\count85
\c@table=\count86
\abovecaptionskip=\skip41
\belowcaptionskip=\skip42
\bibindent=\dimen102
)
(/usr/share/texlive/texmf-dist/tex/generic/babel/babel.sty
Package: babel 2014/03/24 3.9k The Babel package

(/usr/share/texlive/texmf-dist/tex/generic/babel-spanish/spanish.ldf
Language: spanish.ldf 2014/04/24 v5.0n Spanish support from the babel system

(/usr/share/texlive/texmf-dist/tex/generic/babel/babel.def
File: babel.def 2014/03/24 3.9k Babel common definitions
\babel@savecnt=\count87
\U@D=\dimen103
)
\es@quottoks=\toks14
\es@quotdepth=\count88
Package babel Info: Making " an active character on input line 516.
Package babel Info: Making . an active character on input line 617.
Package babel Info: Making < an active character on input line 662.
Package babel Info: Making > an active character on input line 662.
))
(/usr/share/texlive/texmf-dist/tex/latex/amsmath/amsmath.sty
Package: amsmath 2013/01/14 v2.14 AMS math features
\@mathmargin=\skip43

For additional information on amsmath, use the `?' option.
(/usr/share/texlive/texmf-dist/tex/latex/amsmath/amstext.sty
Package: amstext 2000/06/29 v2.01

(/usr/share/texlive/texmf-dist/tex/latex/amsmath/amsgen.sty
File: amsgen.sty 1999/11/30 v2.0
\@emptytoks=\toks15
\ex@=\dimen104
))
(/usr/share/texlive/texmf-dist/tex/latex/amsmath/amsbsy.sty
Package: amsbsy 1999/11/29 v1.2d
\pmbraise@=\dimen105
)
(/usr/share/texlive/texmf-dist/tex/latex/amsmath/amsopn.sty
Package: amsopn 1999/12/14 v2.01 operator names
)
\inf@bad=\count89
LaTeX Info: Redefining \frac on input line 210.
\uproot@=\count90
\leftroot@=\count91
LaTeX Info: Redefining \overline on input line 306.
\classnum@=\count92
\DOTSCASE@=\count93
LaTeX Info: Redefining \ldots on input line 378.
LaTeX Info: Redefining \dots on input line 381.
LaTeX Info: Redefining \cdots on input line 466.
\Mathstrutbox@=\box26
\strutbox@=\box27
\big@size=\dimen106
LaTeX Font Info:    Redeclaring font encoding OML on input line 566.
LaTeX Font Info:    Redeclaring font encoding OMS on input line 567.
\macc@depth=\count94
\c@MaxMatrixCols=\count95
\dotsspace@=\muskip10
\c@parentequation=\count96
\dspbrk@lvl=\count97
\tag@help=\toks16
\row@=\count98
\column@=\count99
\maxfields@=\count100
\andhelp@=\toks17
\eqnshift@=\dimen107
\alignsep@=\dimen108
\tagshift@=\dimen109
\tagwidth@=\dimen110
\totwidth@=\dimen111
\lineht@=\dimen112
\@envbody=\toks18
\multlinegap=\skip44
\multlinetaggap=\skip45
\mathdisplay@stack=\toks19
LaTeX Info: Redefining \[ on input line 2665.
LaTeX Info: Redefining \] on input line 2666.
)
(/usr/share/texlive/texmf-dist/tex/latex/tools/bm.sty
Package: bm 2004/02/26 v1.1c Bold Symbol Support (DPC/FMi)
\symboldoperators=\mathgroup4
\symboldletters=\mathgroup5
\symboldsymbols=\mathgroup6
LaTeX Font Info:    Redeclaring math alphabet \mathbf on input line 137.
LaTeX Info: Redefining \bm on input line 203.
)
(/usr/share/texlive/texmf-dist/tex/latex/psnfss/times.sty
Package: times 2005/04/12 PSNFSS-v9.2a (SPQR) 
)
(/usr/share/texlive/texmf-dist/tex/latex/geometry/geometry.sty
Package: geometry 2010/09/12 v5.6 Page Geometry

(/usr/share/texlive/texmf-dist/tex/latex/graphics/keyval.sty
Package: keyval 2014/05/08 v1.15 key=value parser (DPC)
\KV@toks@=\toks20
)
(/usr/share/texlive/texmf-dist/tex/generic/oberdiek/ifpdf.sty
Package: ifpdf 2011/01/30 v2.3 Provides the ifpdf switch (HO)
Package ifpdf Info: pdfTeX in PDF mode is detected.
)
(/usr/share/texlive/texmf-dist/tex/generic/oberdiek/ifvtex.sty
Package: ifvtex 2010/03/01 v1.5 Detect VTeX and its facilities (HO)
Package ifvtex Info: VTeX not detected.
)
(/usr/share/texlive/texmf-dist/tex/generic/ifxetex/ifxetex.sty
Package: ifxetex 2010/09/12 v0.6 Provides ifxetex conditional
)
\Gm@cnth=\count101
\Gm@cntv=\count102
\c@Gm@tempcnt=\count103
\Gm@bindingoffset=\dimen113
\Gm@wd@mp=\dimen114
\Gm@odd@mp=\dimen115
\Gm@even@mp=\dimen116
\Gm@layoutwidth=\dimen117
\Gm@layoutheight=\dimen118
\Gm@layouthoffset=\dimen119
\Gm@layoutvoffset=\dimen120
\Gm@dimlist=\toks21
)
(/usr/share/texlive/texmf-dist/tex/latex/pdfpages/pdfpages.sty
Package: pdfpages 2013/08/25 v0.4v Insert pages of external PDF documents (AM)

(/usr/share/texlive/texmf-dist/tex/latex/base/ifthen.sty
Package: ifthen 2001/05/26 v1.1c Standard LaTeX ifthen package (DPC)
)
(/usr/share/texlive/texmf-dist/tex/latex/tools/calc.sty
Package: calc 2007/08/22 v4.3 Infix arithmetic (KKT,FJ)
\calc@Acount=\count104
\calc@Bcount=\count105
\calc@Adimen=\dimen121
\calc@Bdimen=\dimen122
\calc@Askip=\skip46
\calc@Bskip=\skip47
LaTeX Info: Redefining \setlength on input line 75.
LaTeX Info: Redefining \addtolength on input line 76.
\calc@Ccount=\count106
\calc@Cskip=\skip48
)
(/usr/share/texlive/texmf-dist/tex/latex/eso-pic/eso-pic.sty
Package: eso-pic 2013/10/06 v2.0d eso-pic (RN)

(/usr/share/texlive/texmf-dist/tex/generic/oberdiek/atbegshi.sty
Package: atbegshi 2011/10/05 v1.16 At begin shipout hook (HO)

(/usr/share/texlive/texmf-dist/tex/generic/oberdiek/infwarerr.sty
Package: infwarerr 2010/04/08 v1.3 Providing info/warning/error messages (HO)
)
(/usr/share/texlive/texmf-dist/tex/generic/oberdiek/ltxcmds.sty
Package: ltxcmds 2011/11/09 v1.22 LaTeX kernel commands for general use (HO)
))
(/usr/share/texlive/texmf-dist/tex/latex/xcolor/xcolor.sty
Package: xcolor 2007/01/21 v2.11 LaTeX color extensions (UK)

(/usr/share/texlive/texmf-dist/tex/latex/latexconfig/color.cfg
File: color.cfg 2007/01/18 v1.5 color configuration of teTeX/TeXLive
)
Package xcolor Info: Driver file: pdftex.def on input line 225.

(/usr/share/texlive/texmf-dist/tex/latex/pdftex-def/pdftex.def
File: pdftex.def 2011/05/27 v0.06d Graphics/color for pdfTeX
\Gread@gobject=\count107
)
Package xcolor Info: Model `cmy' substituted by `cmy0' on input line 1337.
Package xcolor Info: Model `hsb' substituted by `rgb' on input line 1341.
Package xcolor Info: Model `RGB' extended on input line 1353.
Package xcolor Info: Model `HTML' substituted by `rgb' on input line 1355.
Package xcolor Info: Model `Hsb' substituted by `hsb' on input line 1356.
Package xcolor Info: Model `tHsb' substituted by `hsb' on input line 1357.
Package xcolor Info: Model `HSB' substituted by `hsb' on input line 1358.
Package xcolor Info: Model `Gray' substituted by `gray' on input line 1359.
Package xcolor Info: Model `wave' substituted by `hsb' on input line 1360.
))
(/usr/share/texlive/texmf-dist/tex/latex/graphics/graphicx.sty
Package: graphicx 2014/04/25 v1.0g Enhanced LaTeX Graphics (DPC,SPQR)

(/usr/share/texlive/texmf-dist/tex/latex/graphics/graphics.sty
Package: graphics 2009/02/05 v1.0o Standard LaTeX Graphics (DPC,SPQR)

(/usr/share/texlive/texmf-dist/tex/latex/graphics/trig.sty
Package: trig 1999/03/16 v1.09 sin cos tan (DPC)
)
(/usr/share/texlive/texmf-dist/tex/latex/latexconfig/graphics.cfg
File: graphics.cfg 2010/04/23 v1.9 graphics configuration of TeX Live
)
Package graphics Info: Driver file: pdftex.def on input line 91.
)
\Gin@req@height=\dimen123
\Gin@req@width=\dimen124
)
(/usr/share/texlive/texmf-dist/tex/latex/pdfpages/pppdftex.def
File: pppdftex.def 2013/08/25 v0.4v Pdfpages driver for pdfTeX (AM)
)
\AM@pagebox=\box28
\AM@toc@title=\toks22
\c@AM@survey=\count108
\AM@templatesizebox=\box29
)
(/usr/share/texlive/texmf-dist/tex/latex/base/inputenc.sty
Package: inputenc 2014/04/30 v1.2b Input encoding file
\inpenc@prehook=\toks23
\inpenc@posthook=\toks24

(/usr/share/texlive/texmf-dist/tex/latex/base/utf8.def
File: utf8.def 2008/04/05 v1.1m UTF-8 support for inputenc
Now handling font encoding OML ...
... no UTF-8 mapping file for font encoding OML
Now handling font encoding T1 ...
... processing UTF-8 mapping file for font encoding T1

(/usr/share/texlive/texmf-dist/tex/latex/base/t1enc.dfu
File: t1enc.dfu 2008/04/05 v1.1m UTF-8 support for inputenc
   defining Unicode char U+00A1 (decimal 161)
   defining Unicode char U+00A3 (decimal 163)
   defining Unicode char U+00AB (decimal 171)
   defining Unicode char U+00BB (decimal 187)
   defining Unicode char U+00BF (decimal 191)
   defining Unicode char U+00C0 (decimal 192)
   defining Unicode char U+00C1 (decimal 193)
   defining Unicode char U+00C2 (decimal 194)
   defining Unicode char U+00C3 (decimal 195)
   defining Unicode char U+00C4 (decimal 196)
   defining Unicode char U+00C5 (decimal 197)
   defining Unicode char U+00C6 (decimal 198)
   defining Unicode char U+00C7 (decimal 199)
   defining Unicode char U+00C8 (decimal 200)
   defining Unicode char U+00C9 (decimal 201)
   defining Unicode char U+00CA (decimal 202)
   defining Unicode char U+00CB (decimal 203)
   defining Unicode char U+00CC (decimal 204)
   defining Unicode char U+00CD (decimal 205)
   defining Unicode char U+00CE (decimal 206)
   defining Unicode char U+00CF (decimal 207)
   defining Unicode char U+00D0 (decimal 208)
   defining Unicode char U+00D1 (decimal 209)
   defining Unicode char U+00D2 (decimal 210)
   defining Unicode char U+00D3 (decimal 211)
   defining Unicode char U+00D4 (decimal 212)
   defining Unicode char U+00D5 (decimal 213)
   defining Unicode char U+00D6 (decimal 214)
   defining Unicode char U+00D8 (decimal 216)
   defining Unicode char U+00D9 (decimal 217)
   defining Unicode char U+00DA (decimal 218)
   defining Unicode char U+00DB (decimal 219)
   defining Unicode char U+00DC (decimal 220)
   defining Unicode char U+00DD (decimal 221)
   defining Unicode char U+00DE (decimal 222)
   defining Unicode char U+00DF (decimal 223)
   defining Unicode char U+00E0 (decimal 224)
   defining Unicode char U+00E1 (decimal 225)
   defining Unicode char U+00E2 (decimal 226)
   defining Unicode char U+00E3 (decimal 227)
   defining Unicode char U+00E4 (decimal 228)
   defining Unicode char U+00E5 (decimal 229)
   defining Unicode char U+00E6 (decimal 230)
   defining Unicode char U+00E7 (decimal 231)
   defining Unicode char U+00E8 (decimal 232)
   defining Unicode char U+00E9 (decimal 233)
   defining Unicode char U+00EA (decimal 234)
   defining Unicode char U+00EB (decimal 235)
   defining Unicode char U+00EC (decimal 236)
   defining Unicode char U+00ED (decimal 237)
   defining Unicode char U+00EE (decimal 238)
   defining Unicode char U+00EF (decimal 239)
   defining Unicode char U+00F0 (decimal 240)
   defining Unicode char U+00F1 (decimal 241)
   defining Unicode char U+00F2 (decimal 242)
   defining Unicode char U+00F3 (decimal 243)
   defining Unicode char U+00F4 (decimal 244)
   defining Unicode char U+00F5 (decimal 245)
   defining Unicode char U+00F6 (decimal 246)
   defining Unicode char U+00F8 (decimal 248)
   defining Unicode char U+00F9 (decimal 249)
   defining Unicode char U+00FA (decimal 250)
   defining Unicode char U+00FB (decimal 251)
   defining Unicode char U+00FC (decimal 252)
   defining Unicode char U+00FD (decimal 253)
   defining Unicode char U+00FE (decimal 254)
   defining Unicode char U+00FF (decimal 255)
   defining Unicode char U+0102 (decimal 258)
   defining Unicode char U+0103 (decimal 259)
   defining Unicode char U+0104 (decimal 260)
   defining Unicode char U+0105 (decimal 261)
   defining Unicode char U+0106 (decimal 262)
   defining Unicode char U+0107 (decimal 263)
   defining Unicode char U+010C (decimal 268)
   defining Unicode char U+010D (decimal 269)
   defining Unicode char U+010E (decimal 270)
   defining Unicode char U+010F (decimal 271)
   defining Unicode char U+0110 (decimal 272)
   defining Unicode char U+0111 (decimal 273)
   defining Unicode char U+0118 (decimal 280)
   defining Unicode char U+0119 (decimal 281)
   defining Unicode char U+011A (decimal 282)
   defining Unicode char U+011B (decimal 283)
   defining Unicode char U+011E (decimal 286)
   defining Unicode char U+011F (decimal 287)
   defining Unicode char U+0130 (decimal 304)
   defining Unicode char U+0131 (decimal 305)
   defining Unicode char U+0132 (decimal 306)
   defining Unicode char U+0133 (decimal 307)
   defining Unicode char U+0139 (decimal 313)
   defining Unicode char U+013A (decimal 314)
   defining Unicode char U+013D (decimal 317)
   defining Unicode char U+013E (decimal 318)
   defining Unicode char U+0141 (decimal 321)
   defining Unicode char U+0142 (decimal 322)
   defining Unicode char U+0143 (decimal 323)
   defining Unicode char U+0144 (decimal 324)
   defining Unicode char U+0147 (decimal 327)
   defining Unicode char U+0148 (decimal 328)
   defining Unicode char U+014A (decimal 330)
   defining Unicode char U+014B (decimal 331)
   defining Unicode char U+0150 (decimal 336)
   defining Unicode char U+0151 (decimal 337)
   defining Unicode char U+0152 (decimal 338)
   defining Unicode char U+0153 (decimal 339)
   defining Unicode char U+0154 (decimal 340)
   defining Unicode char U+0155 (decimal 341)
   defining Unicode char U+0158 (decimal 344)
   defining Unicode char U+0159 (decimal 345)
   defining Unicode char U+015A (decimal 346)
   defining Unicode char U+015B (decimal 347)
   defining Unicode char U+015E (decimal 350)
   defining Unicode char U+015F (decimal 351)
   defining Unicode char U+0160 (decimal 352)
   defining Unicode char U+0161 (decimal 353)
   defining Unicode char U+0162 (decimal 354)
   defining Unicode char U+0163 (decimal 355)
   defining Unicode char U+0164 (decimal 356)
   defining Unicode char U+0165 (decimal 357)
   defining Unicode char U+016E (decimal 366)
   defining Unicode char U+016F (decimal 367)
   defining Unicode char U+0170 (decimal 368)
   defining Unicode char U+0171 (decimal 369)
   defining Unicode char U+0178 (decimal 376)
   defining Unicode char U+0179 (decimal 377)
   defining Unicode char U+017A (decimal 378)
   defining Unicode char U+017B (decimal 379)
   defining Unicode char U+017C (decimal 380)
   defining Unicode char U+017D (decimal 381)
   defining Unicode char U+017E (decimal 382)
   defining Unicode char U+200C (decimal 8204)
   defining Unicode char U+2013 (decimal 8211)
   defining Unicode char U+2014 (decimal 8212)
   defining Unicode char U+2018 (decimal 8216)
   defining Unicode char U+2019 (decimal 8217)
   defining Unicode char U+201A (decimal 8218)
   defining Unicode char U+201C (decimal 8220)
   defining Unicode char U+201D (decimal 8221)
   defining Unicode char U+201E (decimal 8222)
   defining Unicode char U+2030 (decimal 8240)
   defining Unicode char U+2031 (decimal 8241)
   defining Unicode char U+2039 (decimal 8249)
   defining Unicode char U+203A (decimal 8250)
   defining Unicode char U+2423 (decimal 9251)
)
Now handling font encoding OT1 ...
... processing UTF-8 mapping file for font encoding OT1

(/usr/share/texlive/texmf-dist/tex/latex/base/ot1enc.dfu
File: ot1enc.dfu 2008/04/05 v1.1m UTF-8 support for inputenc
   defining Unicode char U+00A1 (decimal 161)
   defining Unicode char U+00A3 (decimal 163)
   defining Unicode char U+00B8 (decimal 184)
   defining Unicode char U+00BF (decimal 191)
   defining Unicode char U+00C5 (decimal 197)
   defining Unicode char U+00C6 (decimal 198)
   defining Unicode char U+00D8 (decimal 216)
   defining Unicode char U+00DF (decimal 223)
   defining Unicode char U+00E6 (decimal 230)
   defining Unicode char U+00EC (decimal 236)
   defining Unicode char U+00ED (decimal 237)
   defining Unicode char U+00EE (decimal 238)
   defining Unicode char U+00EF (decimal 239)
   defining Unicode char U+00F8 (decimal 248)
   defining Unicode char U+0131 (decimal 305)
   defining Unicode char U+0141 (decimal 321)
   defining Unicode char U+0142 (decimal 322)
   defining Unicode char U+0152 (decimal 338)
   defining Unicode char U+0153 (decimal 339)
   defining Unicode char U+2013 (decimal 8211)
   defining Unicode char U+2014 (decimal 8212)
   defining Unicode char U+2018 (decimal 8216)
   defining Unicode char U+2019 (decimal 8217)
   defining Unicode char U+201C (decimal 8220)
   defining Unicode char U+201D (decimal 8221)
)
Now handling font encoding OMS ...
... processing UTF-8 mapping file for font encoding OMS

(/usr/share/texlive/texmf-dist/tex/latex/base/omsenc.dfu
File: omsenc.dfu 2008/04/05 v1.1m UTF-8 support for inputenc
   defining Unicode char U+00A7 (decimal 167)
   defining Unicode char U+00B6 (decimal 182)
   defining Unicode char U+00B7 (decimal 183)
   defining Unicode char U+2020 (decimal 8224)
   defining Unicode char U+2021 (decimal 8225)
   defining Unicode char U+2022 (decimal 8226)
)
Now handling font encoding OMX ...
... no UTF-8 mapping file for font encoding OMX
Now handling font encoding U ...
... no UTF-8 mapping file for font encoding U
   defining Unicode char U+00A9 (decimal 169)
   defining Unicode char U+00AA (decimal 170)
   defining Unicode char U+00AE (decimal 174)
   defining Unicode char U+00BA (decimal 186)
   defining Unicode char U+02C6 (decimal 710)
   defining Unicode char U+02DC (decimal 732)
   defining Unicode char U+200C (decimal 8204)
   defining Unicode char U+2026 (decimal 8230)
   defining Unicode char U+2122 (decimal 8482)
   defining Unicode char U+2423 (decimal 9251)
))
(/usr/share/texlive/texmf-dist/tex/latex/lastpage/lastpage.sty
Package: lastpage 2013/01/28 v1.2l Refers to last page's name (HMM; JPG)
)
(/usr/share/texlive/texmf-dist/tex/latex/float/float.sty
Package: float 2001/11/08 v1.3d Float enhancements (AL)
\c@float@type=\count109
\float@exts=\toks25
\float@box=\box30
\@float@everytoks=\toks26
\@floatcapt=\box31
)
(/usr/share/texlive/texmf-dist/tex/latex/tools/array.sty
Package: array 2008/09/09 v2.4c Tabular extension package (FMi)
\col@sep=\dimen125
\extrarowheight=\dimen126
\NC@list=\toks27
\extratabsurround=\skip49
\backup@length=\skip50
)
(/usr/share/texlive/texmf-dist/tex/latex/listings/listings.sty
\lst@mode=\count110
\lst@gtempboxa=\box32
\lst@token=\toks28
\lst@length=\count111
\lst@currlwidth=\dimen127
\lst@column=\count112
\lst@pos=\count113
\lst@lostspace=\dimen128
\lst@width=\dimen129
\lst@newlines=\count114
\lst@lineno=\count115
\lst@maxwidth=\dimen130

(/usr/share/texlive/texmf-dist/tex/latex/listings/lstmisc.sty
File: lstmisc.sty 2014/03/04 1.5c (Carsten Heinz)
\c@lstnumber=\count116
\lst@skipnumbers=\count117
\lst@framebox=\box33
)
(/usr/share/texlive/texmf-dist/tex/latex/listings/listings.cfg
File: listings.cfg 2014/03/04 1.5c listings configuration
))
Package: listings 2014/03/04 1.5c (Carsten Heinz)

(/usr/share/texlive/texmf-dist/tex/latex/anysize/anysize.sty
Package: anysize 1994/08/13 setting margin sizes

document style option `anysize' loaded
Michael Salzenberg, Thomas Esser, Dirk Hillbrecht
Version 1.0, Aug 13, 1994
\@Leftmargin=\dimen131
\@Rightmargin=\dimen132
\@Topmargin=\dimen133
\@Bottommargin=\dimen134
) (/usr/share/texlive/texmf-dist/tex/latex/fancyhdr/fancyhdr.sty
\fancy@headwidth=\skip51
\f@ncyO@elh=\skip52
\f@ncyO@erh=\skip53
\f@ncyO@olh=\skip54
\f@ncyO@orh=\skip55
\f@ncyO@elf=\skip56
\f@ncyO@erf=\skip57
\f@ncyO@olf=\skip58
\f@ncyO@orf=\skip59
)
(/usr/share/texlive/texmf-dist/tex/latex/caption/caption.sty
Package: caption 2013/05/02 v3.3-89 Customizing captions (AR)

(/usr/share/texlive/texmf-dist/tex/latex/caption/caption3.sty
Package: caption3 2013/05/02 v1.6-88 caption3 kernel (AR)
Package caption3 Info: TeX engine: e-TeX on input line 57.
\captionmargin=\dimen135
\captionmargin@=\dimen136
\captionwidth=\dimen137
\caption@tempdima=\dimen138
\caption@indent=\dimen139
\caption@parindent=\dimen140
\caption@hangindent=\dimen141
)
\c@ContinuedFloat=\count118
Package caption Info: float package is loaded.
Package caption Info: listings package is loaded.
)
(/usr/share/texlive/texmf-dist/tex/latex/svg/svg.sty
Package: svg 2012/09/05 v1.0 SVG inclusion and extraction

(/usr/share/texlive/texmf-dist/tex/latex/xkeyval/xkeyval.sty
Package: xkeyval 2014/05/25 v2.7 package option processing (HA)

(/usr/share/texlive/texmf-dist/tex/generic/xkeyval/xkeyval.tex
(/usr/share/texlive/texmf-dist/tex/generic/xkeyval/xkvutils.tex
\XKV@toks=\toks29
\XKV@tempa@toks=\toks30
)
\XKV@depth=\count119
File: xkeyval.tex 2014/05/25 v2.7 key=value parser (HA)
))
(/usr/share/texlive/texmf-dist/tex/latex/subfig/subfig.sty
Package: subfig 2005/06/28 ver: 1.3 subfig package
\c@KVtest=\count120
\sf@farskip=\skip60
\sf@captopadj=\dimen142
\sf@capskip=\skip61
\sf@nearskip=\skip62
\c@subfigure=\count121
\c@subfigure@save=\count122
\c@lofdepth=\count123
\c@subtable=\count124
\c@subtable@save=\count125
\c@lotdepth=\count126
\sf@top=\skip63
\sf@bottom=\skip64
)
(/usr/share/texlive/texmf-dist/tex/latex/import/import.sty
Package: import 2009/03/23  v 5.1
)
(/usr/share/texlive/texmf-dist/tex/latex/oberdiek/transparent.sty
Package: transparent 2007/01/08 v1.0 Transparency via pdfTeX's color stack (HO)


(/usr/share/texlive/texmf-dist/tex/latex/oberdiek/auxhook.sty
Package: auxhook 2011/03/04 v1.3 Hooks for auxiliary files (HO)
))
\SVG@out@width=\skip65
\SVG@out@height=\skip66
\c@svgfigure=\count127
)
(/usr/share/texlive/texmf-dist/tex/latex/pgf/basiclayer/pgf.sty
(/usr/share/texlive/texmf-dist/tex/latex/pgf/utilities/pgfrcs.sty
(/usr/share/texlive/texmf-dist/tex/generic/pgf/utilities/pgfutil-common.tex
\pgfutil@everybye=\toks31
\pgfutil@tempdima=\dimen143
\pgfutil@tempdimb=\dimen144

(/usr/share/texlive/texmf-dist/tex/generic/pgf/utilities/pgfutil-common-lists.t
ex)) (/usr/share/texlive/texmf-dist/tex/generic/pgf/utilities/pgfutil-latex.def
\pgfutil@abb=\box34
(/usr/share/texlive/texmf-dist/tex/latex/ms/everyshi.sty
Package: everyshi 2001/05/15 v3.00 EveryShipout Package (MS)
))
(/usr/share/texlive/texmf-dist/tex/generic/pgf/utilities/pgfrcs.code.tex
Package: pgfrcs 2013/12/20 v3.0.0 (rcs-revision 1.28)
))
Package: pgf 2013/12/18 v3.0.0 (rcs-revision 1.14)

(/usr/share/texlive/texmf-dist/tex/latex/pgf/basiclayer/pgfcore.sty
(/usr/share/texlive/texmf-dist/tex/latex/pgf/systemlayer/pgfsys.sty
(/usr/share/texlive/texmf-dist/tex/generic/pgf/systemlayer/pgfsys.code.tex
Package: pgfsys 2013/11/30 v3.0.0 (rcs-revision 1.47)

(/usr/share/texlive/texmf-dist/tex/generic/pgf/utilities/pgfkeys.code.tex
\pgfkeys@pathtoks=\toks32
\pgfkeys@temptoks=\toks33

(/usr/share/texlive/texmf-dist/tex/generic/pgf/utilities/pgfkeysfiltered.code.t
ex
\pgfkeys@tmptoks=\toks34
))
\pgf@x=\dimen145
\pgf@y=\dimen146
\pgf@xa=\dimen147
\pgf@ya=\dimen148
\pgf@xb=\dimen149
\pgf@yb=\dimen150
\pgf@xc=\dimen151
\pgf@yc=\dimen152
\w@pgf@writea=\write3
\r@pgf@reada=\read1
\c@pgf@counta=\count128
\c@pgf@countb=\count129
\c@pgf@countc=\count130
\c@pgf@countd=\count131
\t@pgf@toka=\toks35
\t@pgf@tokb=\toks36
\t@pgf@tokc=\toks37
 (/usr/share/texlive/texmf-dist/tex/generic/pgf/systemlayer/pgf.cfg
File: pgf.cfg 2008/05/14  (rcs-revision 1.7)
)
Driver file for pgf: pgfsys-pdftex.def

(/usr/share/texlive/texmf-dist/tex/generic/pgf/systemlayer/pgfsys-pdftex.def
File: pgfsys-pdftex.def 2013/07/18  (rcs-revision 1.33)

(/usr/share/texlive/texmf-dist/tex/generic/pgf/systemlayer/pgfsys-common-pdf.de
f
File: pgfsys-common-pdf.def 2013/10/10  (rcs-revision 1.13)
)))
(/usr/share/texlive/texmf-dist/tex/generic/pgf/systemlayer/pgfsyssoftpath.code.
tex
File: pgfsyssoftpath.code.tex 2013/09/09  (rcs-revision 1.9)
\pgfsyssoftpath@smallbuffer@items=\count132
\pgfsyssoftpath@bigbuffer@items=\count133
)
(/usr/share/texlive/texmf-dist/tex/generic/pgf/systemlayer/pgfsysprotocol.code.
tex
File: pgfsysprotocol.code.tex 2006/10/16  (rcs-revision 1.4)
))
(/usr/share/texlive/texmf-dist/tex/generic/pgf/basiclayer/pgfcore.code.tex
Package: pgfcore 2010/04/11 v3.0.0 (rcs-revision 1.7)

(/usr/share/texlive/texmf-dist/tex/generic/pgf/math/pgfmath.code.tex
(/usr/share/texlive/texmf-dist/tex/generic/pgf/math/pgfmathcalc.code.tex
(/usr/share/texlive/texmf-dist/tex/generic/pgf/math/pgfmathutil.code.tex)
(/usr/share/texlive/texmf-dist/tex/generic/pgf/math/pgfmathparser.code.tex
\pgfmath@dimen=\dimen153
\pgfmath@count=\count134
\pgfmath@box=\box35
\pgfmath@toks=\toks38
\pgfmath@stack@operand=\toks39
\pgfmath@stack@operation=\toks40
)
(/usr/share/texlive/texmf-dist/tex/generic/pgf/math/pgfmathfunctions.code.tex
(/usr/share/texlive/texmf-dist/tex/generic/pgf/math/pgfmathfunctions.basic.code
.tex)
(/usr/share/texlive/texmf-dist/tex/generic/pgf/math/pgfmathfunctions.trigonomet
ric.code.tex)
(/usr/share/texlive/texmf-dist/tex/generic/pgf/math/pgfmathfunctions.random.cod
e.tex)
(/usr/share/texlive/texmf-dist/tex/generic/pgf/math/pgfmathfunctions.comparison
.code.tex)
(/usr/share/texlive/texmf-dist/tex/generic/pgf/math/pgfmathfunctions.base.code.
tex)
(/usr/share/texlive/texmf-dist/tex/generic/pgf/math/pgfmathfunctions.round.code
.tex)
(/usr/share/texlive/texmf-dist/tex/generic/pgf/math/pgfmathfunctions.misc.code.
tex)
(/usr/share/texlive/texmf-dist/tex/generic/pgf/math/pgfmathfunctions.integerari
thmetics.code.tex)))
(/usr/share/texlive/texmf-dist/tex/generic/pgf/math/pgfmathfloat.code.tex
\c@pgfmathroundto@lastzeros=\count135
))
(/usr/share/texlive/texmf-dist/tex/generic/pgf/basiclayer/pgfcorepoints.code.te
x
File: pgfcorepoints.code.tex 2013/10/07  (rcs-revision 1.27)
\pgf@picminx=\dimen154
\pgf@picmaxx=\dimen155
\pgf@picminy=\dimen156
\pgf@picmaxy=\dimen157
\pgf@pathminx=\dimen158
\pgf@pathmaxx=\dimen159
\pgf@pathminy=\dimen160
\pgf@pathmaxy=\dimen161
\pgf@xx=\dimen162
\pgf@xy=\dimen163
\pgf@yx=\dimen164
\pgf@yy=\dimen165
\pgf@zx=\dimen166
\pgf@zy=\dimen167
)
(/usr/share/texlive/texmf-dist/tex/generic/pgf/basiclayer/pgfcorepathconstruct.
code.tex
File: pgfcorepathconstruct.code.tex 2013/10/07  (rcs-revision 1.29)
\pgf@path@lastx=\dimen168
\pgf@path@lasty=\dimen169
)
(/usr/share/texlive/texmf-dist/tex/generic/pgf/basiclayer/pgfcorepathusage.code
.tex
File: pgfcorepathusage.code.tex 2013/12/13  (rcs-revision 1.23)
\pgf@shorten@end@additional=\dimen170
\pgf@shorten@start@additional=\dimen171
)
(/usr/share/texlive/texmf-dist/tex/generic/pgf/basiclayer/pgfcorescopes.code.te
x
File: pgfcorescopes.code.tex 2013/10/09  (rcs-revision 1.44)
\pgfpic=\box36
\pgf@hbox=\box37
\pgf@layerbox@main=\box38
\pgf@picture@serial@count=\count136
)
(/usr/share/texlive/texmf-dist/tex/generic/pgf/basiclayer/pgfcoregraphicstate.c
ode.tex
File: pgfcoregraphicstate.code.tex 2013/09/19  (rcs-revision 1.11)
\pgflinewidth=\dimen172
)
(/usr/share/texlive/texmf-dist/tex/generic/pgf/basiclayer/pgfcoretransformation
s.code.tex
File: pgfcoretransformations.code.tex 2013/10/10  (rcs-revision 1.17)
\pgf@pt@x=\dimen173
\pgf@pt@y=\dimen174
\pgf@pt@temp=\dimen175
)
(/usr/share/texlive/texmf-dist/tex/generic/pgf/basiclayer/pgfcorequick.code.tex
File: pgfcorequick.code.tex 2008/10/09  (rcs-revision 1.3)
)
(/usr/share/texlive/texmf-dist/tex/generic/pgf/basiclayer/pgfcoreobjects.code.t
ex
File: pgfcoreobjects.code.tex 2006/10/11  (rcs-revision 1.2)
)
(/usr/share/texlive/texmf-dist/tex/generic/pgf/basiclayer/pgfcorepathprocessing
.code.tex
File: pgfcorepathprocessing.code.tex 2013/09/09  (rcs-revision 1.9)
)
(/usr/share/texlive/texmf-dist/tex/generic/pgf/basiclayer/pgfcorearrows.code.te
x
File: pgfcorearrows.code.tex 2013/11/07  (rcs-revision 1.40)
\pgfarrowsep=\dimen176
)
(/usr/share/texlive/texmf-dist/tex/generic/pgf/basiclayer/pgfcoreshade.code.tex
File: pgfcoreshade.code.tex 2013/07/15  (rcs-revision 1.15)
\pgf@max=\dimen177
\pgf@sys@shading@range@num=\count137
)
(/usr/share/texlive/texmf-dist/tex/generic/pgf/basiclayer/pgfcoreimage.code.tex
File: pgfcoreimage.code.tex 2013/07/15  (rcs-revision 1.18)

(/usr/share/texlive/texmf-dist/tex/generic/pgf/basiclayer/pgfcoreexternal.code.
tex
File: pgfcoreexternal.code.tex 2013/07/15  (rcs-revision 1.20)
\pgfexternal@startupbox=\box39
))
(/usr/share/texlive/texmf-dist/tex/generic/pgf/basiclayer/pgfcorelayers.code.te
x
File: pgfcorelayers.code.tex 2013/07/18  (rcs-revision 1.7)
)
(/usr/share/texlive/texmf-dist/tex/generic/pgf/basiclayer/pgfcoretransparency.c
ode.tex
File: pgfcoretransparency.code.tex 2013/09/30  (rcs-revision 1.5)
)
(/usr/share/texlive/texmf-dist/tex/generic/pgf/basiclayer/pgfcorepatterns.code.
tex
File: pgfcorepatterns.code.tex 2013/11/07  (rcs-revision 1.5)
)))
(/usr/share/texlive/texmf-dist/tex/generic/pgf/modules/pgfmoduleshapes.code.tex
File: pgfmoduleshapes.code.tex 2013/10/31  (rcs-revision 1.34)
\pgfnodeparttextbox=\box40
) (/usr/share/texlive/texmf-dist/tex/generic/pgf/modules/pgfmoduleplot.code.tex
File: pgfmoduleplot.code.tex 2013/07/31  (rcs-revision 1.12)
)
(/usr/share/texlive/texmf-dist/tex/latex/pgf/compatibility/pgfcomp-version-0-65
.sty
Package: pgfcomp-version-0-65 2007/07/03 v3.0.0 (rcs-revision 1.7)
\pgf@nodesepstart=\dimen178
\pgf@nodesepend=\dimen179
)
(/usr/share/texlive/texmf-dist/tex/latex/pgf/compatibility/pgfcomp-version-1-18
.sty
Package: pgfcomp-version-1-18 2007/07/23 v3.0.0 (rcs-revision 1.1)
)) (/usr/share/texlive/texmf-dist/tex/latex/pgf/frontendlayer/tikz.sty
(/usr/share/texlive/texmf-dist/tex/latex/pgf/utilities/pgffor.sty
(/usr/share/texlive/texmf-dist/tex/latex/pgf/utilities/pgfkeys.sty
(/usr/share/texlive/texmf-dist/tex/generic/pgf/utilities/pgfkeys.code.tex))
(/usr/share/texlive/texmf-dist/tex/latex/pgf/math/pgfmath.sty
(/usr/share/texlive/texmf-dist/tex/generic/pgf/math/pgfmath.code.tex))
(/usr/share/texlive/texmf-dist/tex/generic/pgf/utilities/pgffor.code.tex
Package: pgffor 2013/12/13 v3.0.0 (rcs-revision 1.25)

(/usr/share/texlive/texmf-dist/tex/generic/pgf/math/pgfmath.code.tex)
\pgffor@iter=\dimen180
\pgffor@skip=\dimen181
\pgffor@stack=\toks41
\pgffor@toks=\toks42
))
(/usr/share/texlive/texmf-dist/tex/generic/pgf/frontendlayer/tikz/tikz.code.tex
Package: tikz 2013/12/13 v3.0.0 (rcs-revision 1.142)

(/usr/share/texlive/texmf-dist/tex/generic/pgf/libraries/pgflibraryplothandlers
.code.tex
File: pgflibraryplothandlers.code.tex 2013/08/31 v3.0.0 (rcs-revision 1.20)
\pgf@plot@mark@count=\count138
\pgfplotmarksize=\dimen182
)
\tikz@lastx=\dimen183
\tikz@lasty=\dimen184
\tikz@lastxsaved=\dimen185
\tikz@lastysaved=\dimen186
\tikzleveldistance=\dimen187
\tikzsiblingdistance=\dimen188
\tikz@figbox=\box41
\tikz@figbox@bg=\box42
\tikz@tempbox=\box43
\tikz@tempbox@bg=\box44
\tikztreelevel=\count139
\tikznumberofchildren=\count140
\tikznumberofcurrentchild=\count141
\tikz@fig@count=\count142

(/usr/share/texlive/texmf-dist/tex/generic/pgf/modules/pgfmodulematrix.code.tex
File: pgfmodulematrix.code.tex 2013/09/17  (rcs-revision 1.8)
\pgfmatrixcurrentrow=\count143
\pgfmatrixcurrentcolumn=\count144
\pgf@matrix@numberofcolumns=\count145
)
\tikz@expandcount=\count146

(/usr/share/texlive/texmf-dist/tex/generic/pgf/frontendlayer/tikz/libraries/tik
zlibrarytopaths.code.tex
File: tikzlibrarytopaths.code.tex 2008/06/17 v3.0.0 (rcs-revision 1.2)
)))
(/usr/share/texlive/texmf-dist/tex/latex/tikz-timing/tikz-timing.sty
(/usr/share/texlive/texmf-dist/tex/latex/svn-prov/svn-prov.sty
Package: svn-prov 2010/04/24 v3.1862 Package Date/Version from SVN Keywords
)
Package: tikz-timing 2011/01/09 v0.7d Digital Timing Diagrams using TikZ

(/usr/share/texlive/texmf-dist/tex/generic/pgf/frontendlayer/tikz/libraries/tik
zlibrarycalc.code.tex
File: tikzlibrarycalc.code.tex 2013/07/15 v3.0.0 (rcs-revision 1.9)
)
(/usr/share/texlive/texmf-dist/tex/generic/pgf/frontendlayer/tikz/libraries/tik
zlibrarybackgrounds.code.tex
File: tikzlibrarybackgrounds.code.tex 2013/07/18 v3.0.0 (rcs-revision 1.3)
\pgf@layerbox@background=\box45
\pgf@layerboxsaved@background=\box46
)
(/usr/share/texlive/texmf-dist/tex/generic/pgf/frontendlayer/tikz/libraries/tik
zlibrarydecorations.pathmorphing.code.tex
(/usr/share/texlive/texmf-dist/tex/generic/pgf/frontendlayer/tikz/libraries/tik
zlibrarydecorations.code.tex
(/usr/share/texlive/texmf-dist/tex/generic/pgf/modules/pgfmoduledecorations.cod
e.tex
\pgfdecoratedcompleteddistance=\dimen189
\pgfdecoratedremainingdistance=\dimen190
\pgfdecoratedinputsegmentcompleteddistance=\dimen191
\pgfdecoratedinputsegmentremainingdistance=\dimen192
\pgf@decorate@distancetomove=\dimen193
\pgf@decorate@repeatstate=\count147
\pgfdecorationsegmentamplitude=\dimen194
\pgfdecorationsegmentlength=\dimen195
)
\tikz@lib@dec@box=\box47
)
(/usr/share/texlive/texmf-dist/tex/generic/pgf/libraries/decorations/pgflibrary
decorations.pathmorphing.code.tex))
\tikztiming@numint=\count148
\tikztiming@numfrac=\count149
\tikztiming@xunit=\skip67
\tikztiming@yunit=\skip68
\tikztiming@debug=\count150
\c@tikztiming@nrows=\count151
\c@tikztimingrows=\count152
\c@tikztimingtrans=\count153
\c@tikztimingtranspos=\count154
)
(/usr/share/texlive/texmf-dist/tex/latex/setspace/setspace.sty
Package: setspace 2011/12/19 v6.7a set line spacing
)
(/usr/share/texlive/texmf-dist/tex/latex/tools/verbatim.sty
Package: verbatim 2003/08/22 v1.5q LaTeX2e package for verbatim enhancements
\every@verbatim=\toks43
\verbatim@line=\toks44
\verbatim@in@stream=\read2
)
(/usr/share/texlive/texmf-dist/tex/latex/booktabs/booktabs.sty
Package: booktabs 2005/04/14 v1.61803 publication quality tables
\heavyrulewidth=\dimen196
\lightrulewidth=\dimen197
\cmidrulewidth=\dimen198
\belowrulesep=\dimen199
\belowbottomsep=\dimen200
\aboverulesep=\dimen201
\abovetopsep=\dimen202
\cmidrulesep=\dimen203
\cmidrulekern=\dimen204
\defaultaddspace=\dimen205
\@cmidla=\count155
\@cmidlb=\count156
\@aboverulesep=\dimen206
\@belowrulesep=\dimen207
\@thisruleclass=\count157
\@lastruleclass=\count158
\@thisrulewidth=\dimen208
)
(/usr/share/texlive/texmf-dist/tex/generic/pgf/frontendlayer/tikz/libraries/tik
zlibraryshapes.code.tex
File: tikzlibraryshapes.code.tex 2008/01/09 v3.0.0 (rcs-revision 1.1)

(/usr/share/texlive/texmf-dist/tex/generic/pgf/frontendlayer/tikz/libraries/tik
zlibraryshapes.geometric.code.tex
File: tikzlibraryshapes.geometric.code.tex 2008/01/09 v3.0.0 (rcs-revision 1.1)


(/usr/share/texlive/texmf-dist/tex/generic/pgf/libraries/shapes/pgflibraryshape
s.geometric.code.tex
File: pgflibraryshapes.geometric.code.tex 2008/06/26 v3.0.0 (rcs-revision 1.1)
))
(/usr/share/texlive/texmf-dist/tex/generic/pgf/frontendlayer/tikz/libraries/tik
zlibraryshapes.misc.code.tex
File: tikzlibraryshapes.misc.code.tex 2008/01/09 v3.0.0 (rcs-revision 1.1)

(/usr/share/texlive/texmf-dist/tex/generic/pgf/libraries/shapes/pgflibraryshape
s.misc.code.tex
File: pgflibraryshapes.misc.code.tex 2013/07/18 v3.0.0 (rcs-revision 1.5)
))
(/usr/share/texlive/texmf-dist/tex/generic/pgf/frontendlayer/tikz/libraries/tik
zlibraryshapes.symbols.code.tex
File: tikzlibraryshapes.symbols.code.tex 2008/01/09 v3.0.0 (rcs-revision 1.1)

(/usr/share/texlive/texmf-dist/tex/generic/pgf/libraries/shapes/pgflibraryshape
s.symbols.code.tex
File: pgflibraryshapes.symbols.code.tex 2013/09/11 v3.0.0 (rcs-revision 1.6)
))
(/usr/share/texlive/texmf-dist/tex/generic/pgf/frontendlayer/tikz/libraries/tik
zlibraryshapes.arrows.code.tex
File: tikzlibraryshapes.arrows.code.tex 2008/01/09 v3.0.0 (rcs-revision 1.1)

(/usr/share/texlive/texmf-dist/tex/generic/pgf/libraries/shapes/pgflibraryshape
s.arrows.code.tex
File: pgflibraryshapes.arrows.code.tex 2008/06/26 v3.0.0 (rcs-revision 1.1)
))
(/usr/share/texlive/texmf-dist/tex/generic/pgf/frontendlayer/tikz/libraries/tik
zlibraryshapes.callouts.code.tex
(/usr/share/texlive/texmf-dist/tex/generic/pgf/libraries/shapes/pgflibraryshape
s.callouts.code.tex))
(/usr/share/texlive/texmf-dist/tex/generic/pgf/frontendlayer/tikz/libraries/tik
zlibraryshapes.multipart.code.tex
File: tikzlibraryshapes.multipart.code.tex 2008/01/09 v3.0.0 (rcs-revision 1.1)


(/usr/share/texlive/texmf-dist/tex/generic/pgf/libraries/shapes/pgflibraryshape
s.multipart.code.tex
File: pgflibraryshapes.multipart.code.tex 2010/01/07 v3.0.0 (rcs-revision 1.2)
\pgfnodepartlowerbox=\box48
\pgfnodeparttwobox=\box49
\pgfnodepartthreebox=\box50
\pgfnodepartfourbox=\box51
\pgfnodeparttwentybox=\box52
\pgfnodepartnineteenbox=\box53
\pgfnodeparteighteenbox=\box54
\pgfnodepartseventeenbox=\box55
\pgfnodepartsixteenbox=\box56
\pgfnodepartfifteenbox=\box57
\pgfnodepartfourteenbox=\box58
\pgfnodepartthirteenbox=\box59
\pgfnodeparttwelvebox=\box60
\pgfnodepartelevenbox=\box61
\pgfnodeparttenbox=\box62
\pgfnodepartninebox=\box63
\pgfnodeparteightbox=\box64
\pgfnodepartsevenbox=\box65
\pgfnodepartsixbox=\box66
\pgfnodepartfivebox=\box67
)))
(/usr/share/texlive/texmf-dist/tex/generic/pgf/frontendlayer/tikz/libraries/tik
zlibraryarrows.code.tex
File: tikzlibraryarrows.code.tex 2008/01/09 v3.0.0 (rcs-revision 1.1)

(/usr/share/texlive/texmf-dist/tex/generic/pgf/libraries/pgflibraryarrows.code.
tex
File: pgflibraryarrows.code.tex 2013/09/23 v3.0.0 (rcs-revision 1.16)
\arrowsize=\dimen209
))
(/usr/share/texlive/texmf-dist/tex/generic/pgf/frontendlayer/tikz/libraries/tik
zlibrarypositioning.code.tex
File: tikzlibrarypositioning.code.tex 2008/10/06 v3.0.0 (rcs-revision 1.7)
)
(/usr/share/texlive/texmf-dist/tex/generic/pgf/frontendlayer/tikz/libraries/tik
zlibraryshadows.code.tex
File: tikzlibraryshadows.code.tex 2008/01/13 v3.0.0 (rcs-revision 1.3)

(/usr/share/texlive/texmf-dist/tex/generic/pgf/frontendlayer/tikz/libraries/tik
zlibraryfadings.code.tex
File: tikzlibraryfadings.code.tex 2009/11/15 v3.0.0 (rcs-revision 1.2)

(/usr/share/texlive/texmf-dist/tex/generic/pgf/libraries/pgflibraryfadings.code
.tex
File: pgflibraryfadings.code.tex 2008/02/07 v3.0.0 (rcs-revision 1.3)
)))
(/usr/share/texlive/texmf-dist/tex/generic/pgf/frontendlayer/tikz/libraries/tik
zlibrarytrees.code.tex
File: tikzlibrarytrees.code.tex 2008/02/24 v3.0.0 (rcs-revision 1.2)
)
(/usr/share/texlive/texmf-dist/tex/generic/pgf/frontendlayer/tikz/libraries/tik
zlibraryautomata.code.tex
File: tikzlibraryautomata.code.tex 2008/07/14 v3.0.0 (rcs-revision 1.3)
) (./Analisis matematico II.aux
LaTeX Info: Redefining \. on input line 7.
LaTeX Info: Redefining \% on input line 7.
)
\openout1 = `"Analisis matematico II.aux"'.

LaTeX Font Info:    Checking defaults for OML/cmm/m/it on input line 52.
LaTeX Font Info:    ... okay on input line 52.
LaTeX Font Info:    Checking defaults for T1/cmr/m/n on input line 52.
LaTeX Font Info:    ... okay on input line 52.
LaTeX Font Info:    Checking defaults for OT1/cmr/m/n on input line 52.
LaTeX Font Info:    ... okay on input line 52.
LaTeX Font Info:    Checking defaults for OMS/cmsy/m/n on input line 52.
LaTeX Font Info:    ... okay on input line 52.
LaTeX Font Info:    Checking defaults for OMX/cmex/m/n on input line 52.
LaTeX Font Info:    ... okay on input line 52.
LaTeX Font Info:    Checking defaults for U/cmr/m/n on input line 52.
LaTeX Font Info:    ... okay on input line 52.
LaTeX Font Info:    Try loading font information for OT1+ptm on input line 52.

(/usr/share/texlive/texmf-dist/tex/latex/psnfss/ot1ptm.fd
File: ot1ptm.fd 2001/06/04 font definitions for OT1/ptm.
)
LaTeX Info: Redefining \. on input line 52.
LaTeX Info: Redefining \% on input line 52.

*geometry* driver: auto-detecting
*geometry* detected driver: pdftex
*geometry* verbose mode - [ preamble ] result:
* driver: pdftex
* paper: a4paper
* layout: <same size as paper>
* layoutoffset:(h,v)=(0.0pt,0.0pt)
* modes: twoside 
* h-part:(L,W,R)=(71.70166pt, 418.25368pt, 107.55254pt)
* v-part:(T,H,B)=(67.60269pt, 676.04005pt, 101.4041pt)
* \paperwidth=597.50787pt
* \paperheight=845.04684pt
* \textwidth=455.24411pt
* \textheight=660.23584pt
* \oddsidemargin=13.08827pt
* \evensidemargin=-15.36449pt
* \topmargin=-15.36449pt
* \headheight=16.0pt
* \headsep=25.0pt
* \topskip=10.0pt
* \footskip=30.0pt
* \marginparwidth=121.0pt
* \marginparsep=11.0pt
* \columnsep=10.0pt
* \skip\footins=9.0pt plus 4.0pt minus 2.0pt
* \hoffset=14.22636pt
* \voffset=0.0pt
* \mag=1000
* \@twocolumnfalse
* \@twosidetrue
* \@mparswitchtrue
* \@reversemarginfalse
* (1in=72.27pt=25.4mm, 1cm=28.453pt)

\AtBeginShipoutBox=\box68
(/usr/share/texlive/texmf-dist/tex/context/base/supp-pdf.mkii
[Loading MPS to PDF converter (version 2006.09.02).]
\scratchcounter=\count159
\scratchdimen=\dimen210
\scratchbox=\box69
\nofMPsegments=\count160
\nofMParguments=\count161
\everyMPshowfont=\toks45
\MPscratchCnt=\count162
\MPscratchDim=\dimen211
\MPnumerator=\count163
\makeMPintoPDFobject=\count164
\everyMPtoPDFconversion=\toks46
) (/usr/share/texlive/texmf-dist/tex/generic/oberdiek/pdftexcmds.sty
Package: pdftexcmds 2011/11/29 v0.20 Utility functions of pdfTeX for LuaTeX (HO
)

(/usr/share/texlive/texmf-dist/tex/generic/oberdiek/ifluatex.sty
Package: ifluatex 2010/03/01 v1.3 Provides the ifluatex switch (HO)
Package ifluatex Info: LuaTeX not detected.
)
Package pdftexcmds Info: LuaTeX not detected.
Package pdftexcmds Info: \pdf@primitive is available.
Package pdftexcmds Info: \pdf@ifprimitive is available.
Package pdftexcmds Info: \pdfdraftmode found.
)
(/usr/share/texlive/texmf-dist/tex/latex/oberdiek/epstopdf-base.sty
Package: epstopdf-base 2010/02/09 v2.5 Base part for package epstopdf

(/usr/share/texlive/texmf-dist/tex/latex/oberdiek/grfext.sty
Package: grfext 2010/08/19 v1.1 Manage graphics extensions (HO)

(/usr/share/texlive/texmf-dist/tex/generic/oberdiek/kvdefinekeys.sty
Package: kvdefinekeys 2011/04/07 v1.3 Define keys (HO)
))
(/usr/share/texlive/texmf-dist/tex/latex/oberdiek/kvoptions.sty
Package: kvoptions 2011/06/30 v3.11 Key value format for package options (HO)

(/usr/share/texlive/texmf-dist/tex/generic/oberdiek/kvsetkeys.sty
Package: kvsetkeys 2012/04/25 v1.16 Key value parser (HO)

(/usr/share/texlive/texmf-dist/tex/generic/oberdiek/etexcmds.sty
Package: etexcmds 2011/02/16 v1.5 Avoid name clashes with e-TeX commands (HO)
Package etexcmds Info: Could not find \expanded.
(etexcmds)             That can mean that you are not using pdfTeX 1.50 or
(etexcmds)             that some package has redefined \expanded.
(etexcmds)             In the latter case, load this package earlier.
)))
Package grfext Info: Graphics extension search list:
(grfext)             [.png,.pdf,.jpg,.mps,.jpeg,.jbig2,.jb2,.PNG,.PDF,.JPG,.JPE
G,.JBIG2,.JB2,.eps]
(grfext)             \AppendGraphicsExtensions on input line 452.

(/usr/share/texlive/texmf-dist/tex/latex/latexconfig/epstopdf-sys.cfg
File: epstopdf-sys.cfg 2010/07/13 v1.3 Configuration of (r)epstopdf for TeX Liv
e
))
Package lastpage Info: Please have a look at the pageslts package at
(lastpage)             http://www.ctan.org/tex-archive/ 
(lastpage)             macros/latex/contrib/pageslts/ 
(lastpage)             or
(lastpage)             http://www.ctan.org/tex-archive/ 
(lastpage)             install/macros/latex/contrib/pageslts.tds.zip
(lastpage)             ! on input line 52.
\c@lstlisting=\count165
Package caption Info: Begin \AtBeginDocument code.
Package caption Info: subfig package v1.3 is loaded.
Package caption Info: End \AtBeginDocument code.

ABD: EveryShipout initializing macros
<includes/fiuba.pdf, id=29, 241.90375pt x 472.76625pt>
File: includes/fiuba.pdf Graphic file (type pdf)

<use includes/fiuba.pdf>
Package pdftex.def Info: includes/fiuba.pdf used on input line 68.
(pdftex.def)             Requested size: 72.57167pt x 141.83096pt.
LaTeX Font Info:    Font shape `OT1/ptm/bx/n' in size <14.4> not available
(Font)              Font shape `OT1/ptm/b/n' tried instead on input line 81.
LaTeX Font Info:    Font shape `OT1/ptm/bx/n' in size <17.28> not available
(Font)              Font shape `OT1/ptm/b/n' tried instead on input line 81.
 [1

{/var/lib/texmf/fonts/map/pdftex/updmap/pdftex.map} <./includes/fiuba.pdf>] (./
Analisis matematico II.toc
LaTeX Info: Redefining \. on input line 1.
LaTeX Info: Redefining \% on input line 1.
LaTeX Font Info:    Font shape `OT1/ptm/bx/n' in size <10> not available
(Font)              Font shape `OT1/ptm/b/n' tried instead on input line 2.
LaTeX Info: Redefining \. on input line 51.
LaTeX Info: Redefining \% on input line 51.
 [1])
\tf@toc=\write4
\openout4 = `"Analisis matematico II.toc"'.

LaTeX Info: Redefining \. on input line 104.
LaTeX Info: Redefining \% on input line 104.
 [2]
LaTeX Font Info:    Font shape `OT1/ptm/bx/n' in size <12> not available
(Font)              Font shape `OT1/ptm/b/n' tried instead on input line 110.

<includes/cilindricas.png, id=48, 278.03876pt x 320.19624pt>
File: includes/cilindricas.png Graphic file (type png)

<use includes/cilindricas.png>
Package pdftex.def Info: includes/cilindricas.png used on input line 123.
(pdftex.def)             Requested size: 111.21352pt x 128.07622pt.

<includes/esfericas.png, id=49, 269.005pt x 322.20375pt>
File: includes/esfericas.png Graphic file (type png)

<use includes/esfericas.png>
Package pdftex.def Info: includes/esfericas.png used on input line 123.
(pdftex.def)             Requested size: 107.60008pt x 128.87921pt.

<includes/polares.png, id=50, 262.9825pt x 262.9825pt>
File: includes/polares.png Graphic file (type png)

<use includes/polares.png>
Package pdftex.def Info: includes/polares.png used on input line 123.
(pdftex.def)             Requested size: 105.19113pt x 105.19113pt.

Overfull \hbox (8.34721pt too wide) in paragraph at lines 113--172
[][] 
 []

<includes/circulo.png, id=51, 369.38pt x 396.48125pt>
File: includes/circulo.png Graphic file (type png)

<use includes/circulo.png>
Package pdftex.def Info: includes/circulo.png used on input line 179.
(pdftex.def)             Requested size: 110.81485pt x 118.94528pt.

<includes/elipse.png, id=52, 278.03876pt x 356.33125pt>
File: includes/elipse.png Graphic file (type png)

<use includes/elipse.png>
Package pdftex.def Info: includes/elipse.png used on input line 179.
(pdftex.def)             Requested size: 97.31502pt x 124.71779pt.

<includes/parabola.png, id=53, 261.97874pt x 286.06876pt>
File: includes/parabola.png Graphic file (type png)

<use includes/parabola.png>
Package pdftex.def Info: includes/parabola.png used on input line 179.
(pdftex.def)             Requested size: 91.69392pt x 100.12556pt.

<includes/hiperbola.png, id=54, 284.06125pt x 275.0275pt>
File: includes/hiperbola.png Graphic file (type png)

<use includes/hiperbola.png>
Package pdftex.def Info: includes/hiperbola.png used on input line 179.
(pdftex.def)             Requested size: 113.62247pt x 110.00905pt.

Overfull \hbox (43.60945pt too wide) in paragraph at lines 176--181
[][] 
 []

<includes/cilindro_eliptico.png, id=55, 221.82875pt x 283.0575pt>
File: includes/cilindro_eliptico.png Graphic file (type png)

<use includes/cilindro_eliptico.png>
Package pdftex.def Info: includes/cilindro_eliptico.png used on input line 191.

(pdftex.def)             Requested size: 66.54912pt x 84.9179pt.

<includes/cilindro_parabolico.png, id=56, 334.24875pt x 349.305pt>
File: includes/cilindro_parabolico.png Graphic file (type png)

<use includes/cilindro_parabolico.png>
Package pdftex.def Info: includes/cilindro_parabolico.png used on input line 19
3.
(pdftex.def)             Requested size: 100.27539pt x 104.7923pt.

<includes/cilindro_hiperbolico.png, id=57, 463.7325pt x 334.24875pt>
File: includes/cilindro_hiperbolico.png Graphic file (type png)

<use includes/cilindro_hiperbolico.png>
Package pdftex.def Info: includes/cilindro_hiperbolico.png used on input line 1
95.
(pdftex.def)             Requested size: 139.12082pt x 100.27539pt.

Overfull \hbox (7.54723pt too wide) in paragraph at lines 185--198
 [] 
 []


Underfull \vbox (badness 6741) has occurred while \output is active []

LaTeX Info: Redefining \. on input line 198.
LaTeX Info: Redefining \% on input line 198.
 [3 <./includes/cilindricas.png> <./includes/esfericas.png> <./includes/polares
.png> <./includes/circulo.png> <./includes/elipse.png> <./includes/parabola.png
> <./includes/hiperbola.png>] <includes/cono.png, id=65, 279.0425pt x 475.7775p
t>
File: includes/cono.png Graphic file (type png)

<use includes/cono.png>
Package pdftex.def Info: includes/cono.png used on input line 207.
(pdftex.def)             Requested size: 83.7134pt x 142.73434pt.

<includes/hiperboloide_1hoja.png, id=66, 324.21124pt x 482.80376pt>
File: includes/hiperboloide_1hoja.png Graphic file (type png)

<use includes/hiperboloide_1hoja.png>
Package pdftex.def Info: includes/hiperboloide_1hoja.png used on input line 209
.
(pdftex.def)             Requested size: 97.26411pt x 144.84224pt.

<includes/hiperboloide_2hojas.png, id=67, 268.00125pt x 512.91624pt>
File: includes/hiperboloide_2hojas.png Graphic file (type png)

<use includes/hiperboloide_2hojas.png>
Package pdftex.def Info: includes/hiperboloide_2hojas.png used on input line 21
1.
(pdftex.def)             Requested size: 80.40099pt x 153.87605pt.

Overfull \hbox (7.94722pt too wide) in paragraph at lines 201--214
 [] 
 []

<includes/elipsoide.png, id=68, 239.89626pt x 471.7625pt>
File: includes/elipsoide.png Graphic file (type png)

<use includes/elipsoide.png>
Package pdftex.def Info: includes/elipsoide.png used on input line 223.
(pdftex.def)             Requested size: 71.96942pt x 141.52983pt.
File: includes/cono.png Graphic file (type png)
 <use includes/cono.png>
Package pdftex.def Info: includes/cono.png used on input line 225.
(pdftex.def)             Requested size: 83.7134pt x 142.73434pt.

<includes/paraboloide_hiperbolico.png, id=69, 344.28625pt x 315.1775pt>
File: includes/paraboloide_hiperbolico.png Graphic file (type png)

<use includes/paraboloide_hiperbolico.png>
Package pdftex.def Info: includes/paraboloide_hiperbolico.png used on input lin
e 227.
(pdftex.def)             Requested size: 103.28667pt x 94.55397pt.

Overfull \hbox (7.94722pt too wide) in paragraph at lines 217--230
 [] 
 []

LaTeX Info: Redefining \. on input line 246.
LaTeX Info: Redefining \% on input line 246.
[4 <./includes/cilindro_eliptico.png> <./includes/cilindro_parabolico.png> <./i
ncludes/cilindro_hiperbolico.png> <./includes/cono.png> <./includes/hiperboloid
e_1hoja.png> <./includes/hiperboloide_2hojas.png> <./includes/elipsoide.png> <.
/includes/paraboloide_hiperbolico.png>]
<includes/convexidad.png, id=73, 248.42813pt x 136.25906pt>
File: includes/convexidad.png Graphic file (type png)

<use includes/convexidad.png>
Package pdftex.def Info: includes/convexidad.png used on input line 268.
(pdftex.def)             Requested size: 124.21376pt x 68.12935pt.
LaTeX Font Info:    Font shape `OT1/ptm/bx/n' in size <8> not available
(Font)              Font shape `OT1/ptm/b/n' tried instead on input line 268.

<includes/conexidad.png, id=74, 174.6525pt x 167.62625pt>
File: includes/conexidad.png Graphic file (type png)

<use includes/conexidad.png>
Package pdftex.def Info: includes/conexidad.png used on input line 269.
(pdftex.def)             Requested size: 69.85976pt x 67.0493pt.

<includes/"simplemente conexo".png, id=75, 312.16624pt x 229.85875pt>
File: includes/"simplemente conexo".png Graphic file (type png)

<use includes/"simplemente conexo".png>
Package pdftex.def Info: includes/"simplemente conexo".png used on input line 2
70.
(pdftex.def)             Requested size: 93.65059pt x 68.95815pt.

Overfull \hbox (13.43942pt too wide) in paragraph at lines 286--287
[][] 
 []


Underfull \hbox (badness 10000) in paragraph at lines 293--294

 []


Overfull \hbox (13.43942pt too wide) in paragraph at lines 300--301
[][] 
 []

LaTeX Info: Redefining \. on input line 302.
LaTeX Info: Redefining \% on input line 302.
[5 <./includes/convexidad.png> <./includes/conexidad.png> <./includes/simplemen
te conexo.png (PNG copy)>]
<includes/campo_vectorial.png, id=83, 250.9375pt x 256.96pt>
File: includes/campo_vectorial.png Graphic file (type png)

<use includes/campo_vectorial.png>
Package pdftex.def Info: includes/campo_vectorial.png used on input line 308.
(pdftex.def)             Requested size: 125.46843pt x 128.47968pt.

Underfull \hbox (badness 10000) in paragraph at lines 318--319

 []


Overfull \hbox (48.203pt too wide) in paragraph at lines 304--326
[]$[]$ $[]$ 
 []


Overfull \hbox (13.43942pt too wide) in paragraph at lines 342--343
[][] 
 []


Underfull \hbox (badness 10000) in paragraph at lines 355--356

 []


Underfull \hbox (badness 10000) in paragraph at lines 357--358

 []


Overfull \hbox (13.43942pt too wide) in paragraph at lines 362--363
[][] 
 []


Underfull \hbox (badness 10000) in paragraph at lines 365--366

 []

LaTeX Font Info:    Font shape `OT1/ptm/bx/it' in size <10> not available
(Font)              Font shape `OT1/ptm/b/it' tried instead on input line 367.

Underfull \hbox (badness 10000) in paragraph at lines 367--368

 []

<includes/curvas_de_nivel.png, id=84, 344.28625pt x 359.3425pt>
File: includes/curvas_de_nivel.png Graphic file (type png)

<use includes/curvas_de_nivel.png>
Package pdftex.def Info: includes/curvas_de_nivel.png used on input line 375.
(pdftex.def)             Requested size: 120.50198pt x 125.77174pt.

Overfull \hbox (48.203pt too wide) in paragraph at lines 364--379
[]$[]$ $[]$ 
 []

LaTeX Info: Redefining \. on input line 380.
LaTeX Info: Redefining \% on input line 380.
[6 <./includes/campo_vectorial.png (PNG copy)>]
Overfull \hbox (13.43942pt too wide) in paragraph at lines 390--391
[][] 
 []


Underfull \hbox (badness 10000) in paragraph at lines 395--396

 []


Overfull \hbox (13.43942pt too wide) in paragraph at lines 400--401
[][] 
 []


Overfull \hbox (13.43942pt too wide) in paragraph at lines 410--411
[][] 
 []


Overfull \hbox (13.43942pt too wide) in paragraph at lines 420--421
[][] 
 []


Underfull \hbox (badness 10000) in paragraph at lines 425--426

 []


Underfull \hbox (badness 10000) in paragraph at lines 427--428

 []


Overfull \hbox (13.43942pt too wide) in paragraph at lines 437--438
[][] 
 []


Underfull \vbox (badness 10000) has occurred while \output is active []

LaTeX Info: Redefining \. on input line 452.
LaTeX Info: Redefining \% on input line 452.
 [7 <./includes/curvas_de_nivel.png>]
Overfull \hbox (13.43942pt too wide) in paragraph at lines 452--453
[][] 
 []


Overfull \hbox (13.43942pt too wide) in paragraph at lines 465--466
[][] 
 []


Underfull \hbox (badness 10000) in paragraph at lines 470--471

 []


Overfull \hbox (13.43942pt too wide) in paragraph at lines 475--476
[][] 
 []


Overfull \hbox (13.43942pt too wide) in paragraph at lines 485--486
[][] 
 []


Overfull \hbox (13.43942pt too wide) in paragraph at lines 499--500
[][] 
 []


Underfull \vbox (badness 10000) has occurred while \output is active []

LaTeX Info: Redefining \. on input line 516.
LaTeX Info: Redefining \% on input line 516.
 [8]
Overfull \hbox (13.43942pt too wide) in paragraph at lines 516--517
[][] 
 []


Overfull \hbox (13.43942pt too wide) in paragraph at lines 532--533
[][] 
 []


Overfull \hbox (13.43942pt too wide) in paragraph at lines 550--551
[][] 
 []


Overfull \hbox (13.43942pt too wide) in paragraph at lines 565--566
[][] 
 []


Underfull \vbox (badness 10000) has occurred while \output is active []

LaTeX Info: Redefining \. on input line 567.
LaTeX Info: Redefining \% on input line 567.
 [9]
Underfull \hbox (badness 10000) in paragraph at lines 567--568

 []


Underfull \hbox (badness 10000) in paragraph at lines 569--570

 []


Overfull \hbox (13.43942pt too wide) in paragraph at lines 594--595
[][] 
 []


Overfull \hbox (13.43942pt too wide) in paragraph at lines 618--619
[][] 
 []


Underfull \vbox (badness 10000) has occurred while \output is active []

LaTeX Info: Redefining \. on input line 620.
LaTeX Info: Redefining \% on input line 620.
 [10]
Overfull \hbox (13.43942pt too wide) in paragraph at lines 641--642
[][] 
 []


Overfull \hbox (13.43942pt too wide) in paragraph at lines 659--660
[][] 
 []


Overfull \hbox (13.43942pt too wide) in paragraph at lines 673--674
[][] 
 []


Underfull \vbox (badness 3977) has occurred while \output is active []

LaTeX Info: Redefining \. on input line 689.
LaTeX Info: Redefining \% on input line 689.
 [11]
Overfull \hbox (13.43942pt too wide) in paragraph at lines 689--690
[][] 
 []


Overfull \hbox (13.43942pt too wide) in paragraph at lines 711--712
[][] 
 []


Underfull \hbox (badness 10000) in paragraph at lines 719--721

 []


Underfull \hbox (badness 10000) in paragraph at lines 722--723

 []


Underfull \hbox (badness 10000) in paragraph at lines 724--725

 []


Overfull \hbox (13.43942pt too wide) in paragraph at lines 732--733
[][] 
 []


Underfull \vbox (badness 10000) has occurred while \output is active []

LaTeX Info: Redefining \. on input line 734.
LaTeX Info: Redefining \% on input line 734.
 [12]
<includes/campo_de_gradientes.png, id=109, 385.44pt x 383.4325pt>
File: includes/campo_de_gradientes.png Graphic file (type png)

<use includes/campo_de_gradientes.png>
Package pdftex.def Info: includes/campo_de_gradientes.png used on input line 74
0.
(pdftex.def)             Requested size: 88.64932pt x 88.1876pt.

Underfull \hbox (badness 10000) in paragraph at lines 750--751

 []


Underfull \hbox (badness 10000) in paragraph at lines 758--759

 []


Overfull \hbox (48.203pt too wide) in paragraph at lines 736--768
[]$[]$ $[]$ 
 []


Overfull \hbox (13.43942pt too wide) in paragraph at lines 784--785
[][] 
 []


Overfull \hbox (13.43942pt too wide) in paragraph at lines 805--806
[][] 
 []


Underfull \vbox (badness 10000) has occurred while \output is active []

LaTeX Info: Redefining \. on input line 807.
LaTeX Info: Redefining \% on input line 807.
 [13 <./includes/campo_de_gradientes.png>]
Overfull \hbox (13.43942pt too wide) in paragraph at lines 824--825
[][] 
 []

<includes/plano_tangente.png, id=113, 301.125pt x 301.125pt>
File: includes/plano_tangente.png Graphic file (type png)

<use includes/plano_tangente.png>
Package pdftex.def Info: includes/plano_tangente.png used on input line 828.
(pdftex.def)             Requested size: 90.33818pt x 90.33818pt.

Overfull \hbox (69.82347pt too wide) in paragraph at lines 826--845
[]$[]$ $[]$ 
 []


Overfull \hbox (13.43942pt too wide) in paragraph at lines 863--864
[][] 
 []


Underfull \hbox (badness 10000) in paragraph at lines 868--869

 []

LaTeX Info: Redefining \. on input line 869.
LaTeX Info: Redefining \% on input line 869.
[14 <./includes/plano_tangente.png>]
Underfull \hbox (badness 10000) in paragraph at lines 870--871

 []


Overfull \hbox (13.43942pt too wide) in paragraph at lines 888--889
[][] 
 []


Underfull \hbox (badness 10000) in paragraph at lines 895--896

 []


Underfull \hbox (badness 10000) in paragraph at lines 897--898

 []


Overfull \hbox (13.43942pt too wide) in paragraph at lines 905--906
[][] 
 []


Overfull \hbox (13.43942pt too wide) in paragraph at lines 915--916
[][] 
 []


Underfull \hbox (badness 10000) in paragraph at lines 923--925

 []


Overfull \hbox (13.43942pt too wide) in paragraph at lines 931--932
[][] 
 []


Underfull \hbox (badness 10000) in paragraph at lines 936--937

 []


Overfull \hbox (13.43942pt too wide) in paragraph at lines 947--948
[][] 
 []

LaTeX Info: Redefining \. on input line 961.
LaTeX Info: Redefining \% on input line 961.
[15]
Overfull \hbox (13.43942pt too wide) in paragraph at lines 961--962
[][] 
 []


Overfull \hbox (13.43942pt too wide) in paragraph at lines 977--978
[][] 
 []


Underfull \hbox (badness 10000) in paragraph at lines 984--985

 []


Underfull \hbox (badness 10000) in paragraph at lines 990--992

 []


Underfull \hbox (badness 10000) in paragraph at lines 1001--1002

 []


Overfull \hbox (13.43942pt too wide) in paragraph at lines 1006--1007
[][] 
 []


Underfull \vbox (badness 10000) has occurred while \output is active []

LaTeX Info: Redefining \. on input line 1008.
LaTeX Info: Redefining \% on input line 1008.
 [16]
Underfull \hbox (badness 10000) in paragraph at lines 1008--1009

 []


Underfull \hbox (badness 10000) in paragraph at lines 1010--1011

 []


Overfull \hbox (13.43942pt too wide) in paragraph at lines 1036--1037
[][] 
 []


Underfull \hbox (badness 10000) in paragraph at lines 1052--1054

 []


Overfull \hbox (13.43942pt too wide) in paragraph at lines 1061--1062
[][] 
 []


Underfull \vbox (badness 10000) has occurred while \output is active []

LaTeX Info: Redefining \. on input line 1075.
LaTeX Info: Redefining \% on input line 1075.
 [17]
Overfull \hbox (13.43942pt too wide) in paragraph at lines 1075--1076
[][] 
 []


Overfull \hbox (13.43942pt too wide) in paragraph at lines 1091--1092
[][] 
 []


Underfull \hbox (badness 10000) in paragraph at lines 1096--1097

 []


Underfull \hbox (badness 10000) in paragraph at lines 1098--1099

 []


Overfull \hbox (13.43942pt too wide) in paragraph at lines 1110--1111
[][] 
 []


Underfull \hbox (badness 10000) in paragraph at lines 1115--1116

 []


Underfull \vbox (badness 10000) has occurred while \output is active []

LaTeX Info: Redefining \. on input line 1128.
LaTeX Info: Redefining \% on input line 1128.
 [18]
Overfull \hbox (13.43942pt too wide) in paragraph at lines 1128--1129
[][] 
 []


Underfull \hbox (badness 10000) in paragraph at lines 1133--1134

 []


Underfull \hbox (badness 10000) in paragraph at lines 1135--1136

 []


Underfull \hbox (badness 10000) in paragraph at lines 1137--1138

 []


Overfull \hbox (13.43942pt too wide) in paragraph at lines 1147--1148
[][] 
 []


Overfull \hbox (13.43942pt too wide) in paragraph at lines 1163--1164
[][] 
 []


Underfull \vbox (badness 10000) has occurred while \output is active []

LaTeX Info: Redefining \. on input line 1179.
LaTeX Info: Redefining \% on input line 1179.
 [19]
Overfull \hbox (13.43942pt too wide) in paragraph at lines 1179--1180
[][] 
 []


Overfull \hbox (13.43942pt too wide) in paragraph at lines 1194--1195
[][] 
 []


Underfull \hbox (badness 10000) in paragraph at lines 1199--1200

 []


Underfull \hbox (badness 10000) in paragraph at lines 1201--1202

 []


Underfull \hbox (badness 10000) in paragraph at lines 1203--1204

 []


Overfull \hbox (13.43942pt too wide) in paragraph at lines 1210--1211
[][] 
 []


Underfull \hbox (badness 10000) in paragraph at lines 1222--1223

 []


Underfull \hbox (badness 10000) in paragraph at lines 1224--1225

 []


Underfull \hbox (badness 10000) in paragraph at lines 1226--1227

 []


Overfull \hbox (13.43942pt too wide) in paragraph at lines 1234--1235
[][] 
 []


Underfull \hbox (badness 10000) in paragraph at lines 1244--1245

 []


Underfull \vbox (badness 5403) has occurred while \output is active []

LaTeX Info: Redefining \. on input line 1249.
LaTeX Info: Redefining \% on input line 1249.
 [20]
Overfull \hbox (13.43942pt too wide) in paragraph at lines 1249--1250
[][] 
 []


Overfull \hbox (13.43942pt too wide) in paragraph at lines 1263--1264
[][] 
 []


Underfull \hbox (badness 10000) in paragraph at lines 1268--1269

 []


Overfull \hbox (13.43942pt too wide) in paragraph at lines 1275--1276
[][] 
 []


Overfull \hbox (13.43942pt too wide) in paragraph at lines 1291--1292
[][] 
 []


Overfull \hbox (13.43942pt too wide) in paragraph at lines 1312--1313
[][] 
 []

LaTeX Info: Redefining \. on input line 1314.
LaTeX Info: Redefining \% on input line 1314.
[21]
Overfull \hbox (13.43942pt too wide) in paragraph at lines 1328--1329
[][] 
 []


Overfull \hbox (13.43942pt too wide) in paragraph at lines 1341--1342
[][] 
 []


Overfull \hbox (13.43942pt too wide) in paragraph at lines 1357--1358
[][] 
 []


Overfull \hbox (13.43942pt too wide) in paragraph at lines 1373--1374
[][] 
 []


Underfull \vbox (badness 1527) has occurred while \output is active []

LaTeX Info: Redefining \. on input line 1375.
LaTeX Info: Redefining \% on input line 1375.
 [22]
Underfull \hbox (badness 10000) in paragraph at lines 1380--1381

 []


Underfull \hbox (badness 10000) in paragraph at lines 1382--1383

 []


Overfull \hbox (13.43942pt too wide) in paragraph at lines 1394--1395
[][] 
 []


Underfull \hbox (badness 10000) in paragraph at lines 1396--1397

 []


Underfull \hbox (badness 10000) in paragraph at lines 1411--1412

 []

LaTeX Info: Redefining \. on input line 1418.
LaTeX Info: Redefining \% on input line 1418.
[23]
Underfull \hbox (badness 10000) in paragraph at lines 1418--1419

 []


Underfull \hbox (badness 10000) in paragraph at lines 1425--1426

 []


Overfull \hbox (13.43942pt too wide) in paragraph at lines 1436--1437
[][] 
 []


Underfull \hbox (badness 10000) in paragraph at lines 1438--1439

 []


Overfull \hbox (13.43942pt too wide) in paragraph at lines 1465--1466
[][] 
 []


Underfull \hbox (badness 10000) in paragraph at lines 1470--1471

 []


Overfull \hbox (13.43942pt too wide) in paragraph at lines 1477--1478
[][] 
 []


Overfull \hbox (13.43942pt too wide) in paragraph at lines 1491--1492
[][] 
 []

LaTeX Info: Redefining \. on input line 1501.
LaTeX Info: Redefining \% on input line 1501.
[24]
Overfull \hbox (13.43942pt too wide) in paragraph at lines 1501--1502
[][] 
 []


Underfull \hbox (badness 1360) in paragraph at lines 1506--1507
[]\OT1/ptm/m/n/10 Sea $\OML/cmm/m/it/10 f \OT1/cmr/m/n/10 : \OML/cmm/m/it/10 I 
\OMS/cmsy/m/n/10 ^^R \OML/cmm/m/it/10 R \OMS/cmsy/m/n/10 ! \OML/cmm/m/it/10 R[]
$ \OT1/ptm/m/n/10 una fun-ci[]on de-fi-ni-da en el in-ter-va-lo abier-to $\OML/
cmm/m/it/10 I$ \OT1/ptm/m/n/10 de $\OML/cmm/m/it/10 R$\OT1/ptm/m/n/10 , di-ga-m
os que
 []


Underfull \hbox (badness 10000) in paragraph at lines 1506--1507

 []


Overfull \hbox (13.43942pt too wide) in paragraph at lines 1513--1514
[][] 
 []


Underfull \hbox (badness 10000) in paragraph at lines 1521--1522

 []


Underfull \hbox (badness 10000) in paragraph at lines 1523--1524

 []


Underfull \hbox (badness 10000) in paragraph at lines 1525--1526

 []

<includes/curva.png, id=153, 359.3425pt x 295.1025pt>
File: includes/curva.png Graphic file (type png)
 <use includes/curva.png>
Package pdftex.def Info: includes/curva.png used on input line 1536.
(pdftex.def)             Requested size: 143.73445pt x 118.0389pt.

Overfull \hbox (48.19475pt too wide) in paragraph at lines 1517--1540
[]$[]$ $[]$ 
 []


Overfull \hbox (13.43942pt too wide) in paragraph at lines 1549--1550
[][] 
 []

LaTeX Font Info:    Try loading font information for OMS+ptm on input line 1554
.
(/usr/share/texlive/texmf-dist/tex/latex/psnfss/omsptm.fd
File: omsptm.fd 
)
LaTeX Font Info:    Font shape `OMS/ptm/m/n' in size <10> not available
(Font)              Font shape `OMS/cmsy/m/n' tried instead on input line 1554.


Underfull \hbox (badness 10000) in paragraph at lines 1554--1555

 []


Overfull \hbox (13.43942pt too wide) in paragraph at lines 1561--1562
[][] 
 []


Underfull \vbox (badness 10000) has occurred while \output is active []

LaTeX Info: Redefining \. on input line 1571.
LaTeX Info: Redefining \% on input line 1571.
 [25 <./includes/curva.png>]
Overfull \hbox (13.43942pt too wide) in paragraph at lines 1571--1572
[][] 
 []


Overfull \hbox (13.43942pt too wide) in paragraph at lines 1581--1582
[][] 
 []


Underfull \hbox (badness 10000) in paragraph at lines 1588--1589

 []


Overfull \hbox (13.43942pt too wide) in paragraph at lines 1595--1596
[][] 
 []


Overfull \hbox (13.43942pt too wide) in paragraph at lines 1605--1606
[][] 
 []


Overfull \hbox (13.43942pt too wide) in paragraph at lines 1615--1616
[][] 
 []


Overfull \hbox (13.43942pt too wide) in paragraph at lines 1628--1629
[][] 
 []


Overfull \hbox (13.43942pt too wide) in paragraph at lines 1641--1642
[][] 
 []

LaTeX Info: Redefining \. on input line 1643.
LaTeX Info: Redefining \% on input line 1643.
[26]
Underfull \hbox (badness 10000) in paragraph at lines 1648--1649

 []


Underfull \hbox (badness 10000) in paragraph at lines 1655--1656

 []


Overfull \hbox (13.43942pt too wide) in paragraph at lines 1662--1663
[][] 
 []


Overfull \hbox (13.43942pt too wide) in paragraph at lines 1674--1675
[][] 
 []


Overfull \hbox (13.43942pt too wide) in paragraph at lines 1687--1688
[][] 
 []


Overfull \hbox (13.43942pt too wide) in paragraph at lines 1701--1702
[][] 
 []


Underfull \vbox (badness 10000) has occurred while \output is active []

LaTeX Info: Redefining \. on input line 1711.
LaTeX Info: Redefining \% on input line 1711.
 [27]
Overfull \hbox (13.43942pt too wide) in paragraph at lines 1711--1712
[][] 
 []


Underfull \hbox (badness 10000) in paragraph at lines 1716--1717

 []


Overfull \hbox (13.43942pt too wide) in paragraph at lines 1723--1724
[][] 
 []


Overfull \hbox (13.43942pt too wide) in paragraph at lines 1736--1737
[][] 
 []


Overfull \hbox (13.43942pt too wide) in paragraph at lines 1746--1747
[][] 
 []


Overfull \hbox (13.43942pt too wide) in paragraph at lines 1763--1764
[][] 
 []


Overfull \hbox (13.43942pt too wide) in paragraph at lines 1775--1776
[][] 
 []


Underfull \vbox (badness 10000) has occurred while \output is active []

LaTeX Info: Redefining \. on input line 1777.
LaTeX Info: Redefining \% on input line 1777.
 [28]
Overfull \hbox (13.43942pt too wide) in paragraph at lines 1791--1792
[][] 
 []


Underfull \hbox (badness 10000) in paragraph at lines 1803--1804

 []


Underfull \hbox (badness 10000) in paragraph at lines 1805--1806

 []


Overfull \hbox (13.43942pt too wide) in paragraph at lines 1815--1816
[][] 
 []


Overfull \hbox (13.43942pt too wide) in paragraph at lines 1829--1830
[][] 
 []


Underfull \hbox (badness 10000) in paragraph at lines 1833--1834

 []


Underfull \vbox (badness 1117) has occurred while \output is active []

LaTeX Info: Redefining \. on input line 1834.
LaTeX Info: Redefining \% on input line 1834.
 [29]
Underfull \hbox (badness 10000) in paragraph at lines 1835--1836

 []


Underfull \hbox (badness 10000) in paragraph at lines 1847--1848

 []


Underfull \hbox (badness 10000) in paragraph at lines 1849--1850

 []


Underfull \hbox (badness 6592) in paragraph at lines 1859--1860
[]\OT1/ptm/m/n/10 Dos fa-mi-lias uni-pa-ram[]etri-cas de cur-vas $\OML/cmm/m/it
/10 F[]\OT1/cmr/m/n/10 (\OML/cmm/m/it/10 x; y; c[]\OT1/cmr/m/n/10 ) = 0$ \OT1/p
tm/m/n/10 y
 []


Underfull \hbox (badness 10000) in paragraph at lines 1859--1860

 []


Underfull \hbox (badness 10000) in paragraph at lines 1861--1862

 []

<includes/curvas_ortogonales.png, id=172, 501.875pt x 501.875pt>
File: includes/curvas_ortogonales.png Graphic file (type png)

<use includes/curvas_ortogonales.png>
Package pdftex.def Info: includes/curvas_ortogonales.png used on input line 188
1.
(pdftex.def)             Requested size: 125.46843pt x 125.46843pt.

Overfull \hbox (102.25829pt too wide) in paragraph at lines 1855--1884
[]$[]$ $[]$ 
 []


Underfull \hbox (badness 10000) in paragraph at lines 1893--1894

 []

<includes/lineas_de_campo.png, id=173, 422.57875pt x 332.24126pt>
File: includes/lineas_de_campo.png Graphic file (type png)

<use includes/lineas_de_campo.png>
Package pdftex.def Info: includes/lineas_de_campo.png used on input line 1905.
(pdftex.def)             Requested size: 126.7746pt x 99.67314pt.

Overfull \hbox (48.203pt too wide) in paragraph at lines 1889--1908
[]$[]$ $[]$ 
 []


Underfull \hbox (badness 10000) in paragraph at lines 1912--1913

 []


Overfull \hbox (13.43942pt too wide) in paragraph at lines 1921--1922
[][] 
 []

LaTeX Info: Redefining \. on input line 1931.
LaTeX Info: Redefining \% on input line 1931.
[30 <./includes/curvas_ortogonales.png> <./includes/lineas_de_campo.png>]
Overfull \hbox (13.43942pt too wide) in paragraph at lines 1931--1932
[][] 
 []


<includes/integral_de_linea_de_campo_vectorial.png, id=182, 373.395pt x 376.406
25pt>
File: includes/integral_de_linea_de_campo_vectorial.png Graphic file (type png)

 <use includes/integral_de_linea_de_campo_vectorial.png>
Package pdftex.def Info: includes/integral_de_linea_de_campo_vectorial.png used
 on input line 1955.
(pdftex.def)             Requested size: 149.35535pt x 150.55983pt.

Overfull \hbox (48.203pt too wide) in paragraph at lines 1935--1958
[]$[]$ $[]$ 
 []


Overfull \hbox (13.43942pt too wide) in paragraph at lines 1975--1976
[][] 
 []


Underfull \vbox (badness 10000) has occurred while \output is active []

LaTeX Info: Redefining \. on input line 1977.
LaTeX Info: Redefining \% on input line 1977.
 [31 <./includes/integral_de_linea_de_campo_vectorial.png>]
Underfull \hbox (badness 10000) in paragraph at lines 1982--1983

 []


Underfull \hbox (badness 10000) in paragraph at lines 1984--1985

 []


Overfull \hbox (13.43942pt too wide) in paragraph at lines 1993--1994
[][] 
 []


Overfull \hbox (13.43942pt too wide) in paragraph at lines 2011--2012
[][] 
 []


Underfull \vbox (badness 10000) has occurred while \output is active []

LaTeX Info: Redefining \. on input line 2013.
LaTeX Info: Redefining \% on input line 2013.
 [32]
Underfull \hbox (badness 10000) in paragraph at lines 2018--2019

 []


Underfull \hbox (badness 10000) in paragraph at lines 2023--2025

 []


Overfull \hbox (13.43942pt too wide) in paragraph at lines 2031--2032
[][] 
 []


Overfull \hbox (13.43942pt too wide) in paragraph at lines 2047--2048
[][] 
 []


Underfull \hbox (badness 10000) in paragraph at lines 2056--2057

 []


Overfull \hbox (13.43942pt too wide) in paragraph at lines 2065--2066
[][] 
 []


Underfull \vbox (badness 10000) has occurred while \output is active []

LaTeX Info: Redefining \. on input line 2080.
LaTeX Info: Redefining \% on input line 2080.
 [33]
Overfull \hbox (13.43942pt too wide) in paragraph at lines 2080--2081
[][] 
 []


Underfull \hbox (badness 10000) in paragraph at lines 2089--2090

 []


Underfull \hbox (badness 10000) in paragraph at lines 2094--2096

 []


Overfull \hbox (13.43942pt too wide) in paragraph at lines 2102--2103
[][] 
 []


Overfull \hbox (13.43942pt too wide) in paragraph at lines 2119--2120
[][] 
 []


Underfull \vbox (badness 10000) has occurred while \output is active []

LaTeX Info: Redefining \. on input line 2121.
LaTeX Info: Redefining \% on input line 2121.
 [34]
<includes/tipo1.png, id=195, 275.0275pt x 202.7575pt>
File: includes/tipo1.png Graphic file (type png)
 <use includes/tipo1.png>
Package pdftex.def Info: includes/tipo1.png used on input line 2128.
(pdftex.def)             Requested size: 110.00905pt x 81.10156pt.

Overfull \hbox (46.76053pt too wide) in paragraph at lines 2126--2136
[] 
 []


Overfull \hbox (13.43942pt too wide) in paragraph at lines 2140--2141
[][] 
 []

<includes/tipo2.png, id=196, 276.03125pt x 250.9375pt>
File: includes/tipo2.png Graphic file (type png)

<use includes/tipo2.png>
Package pdftex.def Info: includes/tipo2.png used on input line 2147.
(pdftex.def)             Requested size: 110.41054pt x 100.37321pt.

Overfull \hbox (46.76053pt too wide) in paragraph at lines 2145--2155
[] 
 []


Overfull \hbox (13.43942pt too wide) in paragraph at lines 2159--2160
[][] 
 []


Underfull \hbox (badness 10000) in paragraph at lines 2164--2165

 []


Overfull \hbox (13.43942pt too wide) in paragraph at lines 2179--2180
[][] 
 []


Underfull \vbox (badness 10000) has occurred while \output is active []

LaTeX Info: Redefining \. on input line 2192.
LaTeX Info: Redefining \% on input line 2192.
 [35 <./includes/tipo1.png> <./includes/tipo2.png>]
Overfull \hbox (13.43942pt too wide) in paragraph at lines 2192--2193
[][] 
 []


Overfull \hbox (13.43942pt too wide) in paragraph at lines 2214--2215
[][] 
 []

<includes/integral_doble_es_volumen.png, id=201, 327.2225pt x 213.79875pt>
File: includes/integral_doble_es_volumen.png Graphic file (type png)

<use includes/integral_doble_es_volumen.png>
Package pdftex.def Info: includes/integral_doble_es_volumen.png used on input l
ine 2234.
(pdftex.def)             Requested size: 98.1675pt x 64.1401pt.

Overfull \hbox (48.203pt too wide) in paragraph at lines 2218--2237
[]$[]$ $[]$ 
 []


Underfull \vbox (badness 10000) has occurred while \output is active []

LaTeX Info: Redefining \. on input line 2249.
LaTeX Info: Redefining \% on input line 2249.
 [36]
Overfull \hbox (13.43942pt too wide) in paragraph at lines 2249--2250
[][] 
 []


Overfull \hbox (13.43942pt too wide) in paragraph at lines 2262--2279
[][]
 []


Overfull \hbox (13.43942pt too wide) in paragraph at lines 2303--2304
[][] 
 []


Underfull \vbox (badness 10000) has occurred while \output is active []

LaTeX Info: Redefining \. on input line 2305.
LaTeX Info: Redefining \% on input line 2305.
 [37 <./includes/integral_doble_es_volumen.png>]
Overfull \hbox (13.43942pt too wide) in paragraph at lines 2340--2341
[][] 
 []


Overfull \hbox (13.43942pt too wide) in paragraph at lines 2355--2356
[][] 
 []


Underfull \vbox (badness 3428) has occurred while \output is active []

LaTeX Info: Redefining \. on input line 2368.
LaTeX Info: Redefining \% on input line 2368.
 [38]
Overfull \hbox (13.43942pt too wide) in paragraph at lines 2368--2369
[][] 
 []


Overfull \hbox (13.43942pt too wide) in paragraph at lines 2387--2388
[][] 
 []

<includes/integrales_de_sup.png, id=218, 276.03125pt x 327.2225pt>
File: includes/integrales_de_sup.png Graphic file (type png)

<use includes/integrales_de_sup.png>
Package pdftex.def Info: includes/integrales_de_sup.png used on input line 2407
.
(pdftex.def)             Requested size: 82.81pt x 98.1675pt.

Overfull \hbox (48.203pt too wide) in paragraph at lines 2393--2411
[]$[]$ $[]$ 
 []


Underfull \hbox (badness 1895) in paragraph at lines 2415--2416
[]\OT1/ptm/m/n/10 Sea $\OML/cmm/m/it/10 S \OMS/cmsy/m/n/10 ^^R \OML/cmm/m/it/10
 R[]$ \OT1/ptm/m/n/10 una re-gi[]on del ti-po I y del ti-po II en $\OML/cmm/m/i
t/10 R[]$\OT1/ptm/m/n/10 , y sea $\OML/cmm/m/it/10 f \OT1/cmr/m/n/10 : \OML/cmm
/m/it/10 S \OMS/cmsy/m/n/10 ^^Z \OML/cmm/m/it/10 R[] \OMS/cmsy/m/n/10 ! \OML/cm
m/m/it/10 R[]$\OT1/ptm/m/n/10 ,
 []


Underfull \hbox (badness 2884) in paragraph at lines 2415--2416
\OML/cmm/m/it/10 f\OT1/cmr/m/n/10 (\OML/cmm/m/it/10 u; v\OT1/cmr/m/n/10 ) = (\O
ML/cmm/m/it/10 f[]; f[]; f[]\OT1/cmr/m/n/10 )$ \OT1/ptm/m/n/10 una fun-ci[]on i
n-yec-ti-va (pa-ra que no ha-ya pun-tos ta-les que
 []


Underfull \hbox (badness 10000) in paragraph at lines 2415--2416

 []


Underfull \hbox (badness 10000) in paragraph at lines 2417--2418

 []


Overfull \hbox (13.43942pt too wide) in paragraph at lines 2424--2425
[][] 
 []


Underfull \vbox (badness 10000) has occurred while \output is active []

LaTeX Info: Redefining \. on input line 2438.
LaTeX Info: Redefining \% on input line 2438.
 [39 <./includes/integrales_de_sup.png>]
Overfull \hbox (13.43942pt too wide) in paragraph at lines 2438--2439
[][] 
 []


Overfull \hbox (13.43942pt too wide) in paragraph at lines 2453--2454
[][] 
 []


Underfull \hbox (badness 10000) in paragraph at lines 2460--2461

 []


Underfull \hbox (badness 10000) in paragraph at lines 2462--2463

 []


Underfull \hbox (badness 10000) in paragraph at lines 2464--2465

 []


Overfull \hbox (13.43942pt too wide) in paragraph at lines 2469--2470
[][] 
 []


Underfull \hbox (badness 10000) in paragraph at lines 2471--2472

 []


Underfull \hbox (badness 10000) in paragraph at lines 2473--2474

 []

LaTeX Info: Redefining \. on input line 2475.
LaTeX Info: Redefining \% on input line 2475.
[40]
Overfull \hbox (13.43942pt too wide) in paragraph at lines 2492--2493
[][] 
 []


Underfull \hbox (badness 10000) in paragraph at lines 2504--2505

 []


Overfull \hbox (13.43942pt too wide) in paragraph at lines 2511--2512
[][] 
 []

<includes/integral_de_superficie.png, id=226, 469.755pt x 468.75125pt>
File: includes/integral_de_superficie.png Graphic file (type png)

<use includes/integral_de_superficie.png>
Package pdftex.def Info: includes/integral_de_superficie.png used on input line
 2518.
(pdftex.def)             Requested size: 112.7435pt x 112.5026pt.

Underfull \hbox (badness 1028) in paragraph at lines 2531--2532
[]$[]$\OT1/ptm/m/n/10 : La in-te-gral es in-va-rian-te por re-pa-ra-me-tri-za-c
io-nes que
 []


Underfull \hbox (badness 10000) in paragraph at lines 2531--2532

 []


Overfull \hbox (48.203pt too wide) in paragraph at lines 2515--2540
[]$[]$ $[]$ 
 []


Underfull \vbox (badness 10000) has occurred while \output is active []

LaTeX Info: Redefining \. on input line 2541.
LaTeX Info: Redefining \% on input line 2541.
 [41]
Overfull \hbox (13.43942pt too wide) in paragraph at lines 2560--2561
[][] 
 []


Overfull \hbox (13.43942pt too wide) in paragraph at lines 2575--2576
[][] 
 []


Overfull \hbox (13.43942pt too wide) in paragraph at lines 2592--2593
[][] 
 []

LaTeX Info: Redefining \. on input line 2606.
LaTeX Info: Redefining \% on input line 2606.
[42 <./includes/integral_de_superficie.png>]
Overfull \hbox (13.43942pt too wide) in paragraph at lines 2606--2607
[][] 
 []


Overfull \hbox (13.43942pt too wide) in paragraph at lines 2620--2621
[][] 
 []

<includes/rotor.png, id=234, 342.27875pt x 313.17pt>
File: includes/rotor.png Graphic file (type png)
 <use includes/rotor.png>
Package pdftex.def Info: includes/rotor.png used on input line 2626.
(pdftex.def)             Requested size: 102.6844pt x 93.95172pt.

Underfull \hbox (badness 10000) in paragraph at lines 2641--2642

 []


Underfull \hbox (badness 1584) in paragraph at lines 2643--2644
[]\OT1/ptm/m/n/10 Un re-sul-ta-do im-por-tan-te es que una con-di-ci[]on ne-ce-
sa-ria pa-ra que el cam-po
 []


Underfull \hbox (badness 10000) in paragraph at lines 2643--2644

 []


Underfull \hbox (badness 10000) in paragraph at lines 2645--2646

 []


Overfull \hbox (75.22652pt too wide) in paragraph at lines 2624--2654
[]$[]$ $[]$ 
 []


Underfull \vbox (badness 10000) has occurred while \output is active []

LaTeX Info: Redefining \. on input line 2655.
LaTeX Info: Redefining \% on input line 2655.
 [43]
<includes/divergencia_0.png, id=238, 233.87375pt x 193.72375pt>
File: includes/divergencia_0.png Graphic file (type png)

<use includes/divergencia_0.png>
Package pdftex.def Info: includes/divergencia_0.png used on input line 2660.
(pdftex.def)             Requested size: 93.54782pt x 77.48811pt.

Underfull \hbox (badness 10000) in paragraph at lines 2668--2669

 []


Overfull \hbox (86.04088pt too wide) in paragraph at lines 2657--2681
[]$[]$ $[]$ 
 []

<includes/green.png, id=239, 428.60126pt x 431.6125pt>
File: includes/green.png Graphic file (type png)

<use includes/green.png>
Package pdftex.def Info: includes/green.png used on input line 2710.
(pdftex.def)             Requested size: 85.71872pt x 86.32097pt.

Overfull \hbox (75.22652pt too wide) in paragraph at lines 2684--2713
[]$[]$ $[]$ 
 []


Underfull \vbox (badness 10000) has occurred while \output is active []

LaTeX Info: Redefining \. on input line 2714.
LaTeX Info: Redefining \% on input line 2714.
 [44 <./includes/rotor.png> <./includes/divergencia_0.png>]
Underfull \hbox (badness 10000) in paragraph at lines 2730--2732

 []

<includes/stokes.png, id=244, 428.60126pt x 399.4925pt>
File: includes/stokes.png Graphic file (type png)

<use includes/stokes.png>
Package pdftex.def Info: includes/stokes.png used on input line 2742.
(pdftex.def)             Requested size: 94.29256pt x 87.88861pt.

Overfull \hbox (75.22652pt too wide) in paragraph at lines 2716--2745
[]$[]$ $[]$ 
 []

<includes/gauss.png, id=245, 389.455pt x 346.29375pt>
File: includes/gauss.png Graphic file (type png)
 <use includes/gauss.png>
Package pdftex.def Info: includes/gauss.png used on input line 2772.
(pdftex.def)             Requested size: 81.78795pt x 72.72383pt.

Overfull \hbox (75.22652pt too wide) in paragraph at lines 2748--2775
[]$[]$ $[]$ 
 []


Underfull \vbox (badness 10000) has occurred while \output is active []

LaTeX Info: Redefining \. on input line 2777.
LaTeX Info: Redefining \% on input line 2777.
 [45 <./includes/green.png> <./includes/stokes.png>]
Underfull \vbox (badness 10000) has occurred while \output is active []

LaTeX Info: Redefining \. on input line 2777.
LaTeX Info: Redefining \% on input line 2777.
 [46 <./includes/gauss.png>] 
AED: lastpage setting LastPage
(./Analisis matematico II.aux
LaTeX Info: Redefining \. on input line 7.
LaTeX Info: Redefining \% on input line 7.
) ) 
Here is how much of TeX's memory you used:
 21747 strings out of 494918
 441215 string characters out of 6178390
 568840 words of memory out of 5000000
 24439 multiletter control sequences out of 15000+600000
 46861 words of font info for 97 fonts, out of 8000000 for 9000
 62 hyphenation exceptions out of 8191
 48i,24n,85p,864b,808s stack positions out of 5000i,500n,10000p,200000b,80000s
{/usr/share/texlive/texmf-dist/fonts/enc/dvips/base/8r.enc}</usr/share/texli
ve/texmf-dist/fonts/type1/public/amsfonts/cm/cmbx7.pfb></usr/share/texlive/texm
f-dist/fonts/type1/public/amsfonts/cm/cmbx8.pfb></usr/share/texlive/texmf-dist/
fonts/type1/public/amsfonts/cm/cmex10.pfb></usr/share/texlive/texmf-dist/fonts/
type1/public/amsfonts/cmextra/cmex7.pfb></usr/share/texlive/texmf-dist/fonts/ty
pe1/public/amsfonts/cmextra/cmex8.pfb></usr/share/texlive/texmf-dist/fonts/type
1/public/amsfonts/cmextra/cmex9.pfb></usr/share/texlive/texmf-dist/fonts/type1/
public/amsfonts/cm/cmmi10.pfb></usr/share/texlive/texmf-dist/fonts/type1/public
/amsfonts/cm/cmmi12.pfb></usr/share/texlive/texmf-dist/fonts/type1/public/amsfo
nts/cm/cmmi5.pfb></usr/share/texlive/texmf-dist/fonts/type1/public/amsfonts/cm/
cmmi7.pfb></usr/share/texlive/texmf-dist/fonts/type1/public/amsfonts/cm/cmmi8.p
fb></usr/share/texlive/texmf-dist/fonts/type1/public/amsfonts/cm/cmmi9.pfb></us
r/share/texlive/texmf-dist/fonts/type1/public/amsfonts/cm/cmr10.pfb></usr/share
/texlive/texmf-dist/fonts/type1/public/amsfonts/cm/cmr5.pfb></usr/share/texlive
/texmf-dist/fonts/type1/public/amsfonts/cm/cmr6.pfb></usr/share/texlive/texmf-d
ist/fonts/type1/public/amsfonts/cm/cmr7.pfb></usr/share/texlive/texmf-dist/font
s/type1/public/amsfonts/cm/cmr8.pfb></usr/share/texlive/texmf-dist/fonts/type1/
public/amsfonts/cm/cmr9.pfb></usr/share/texlive/texmf-dist/fonts/type1/public/a
msfonts/cm/cmsy10.pfb></usr/share/texlive/texmf-dist/fonts/type1/public/amsfont
s/cm/cmsy5.pfb></usr/share/texlive/texmf-dist/fonts/type1/public/amsfonts/cm/cm
sy7.pfb></usr/share/texlive/texmf-dist/fonts/type1/public/amsfonts/cm/cmsy8.pfb
></usr/share/texlive/texmf-dist/fonts/type1/public/amsfonts/cm/cmsy9.pfb></usr/
share/texlive/texmf-dist/fonts/type1/urw/times/utmb8a.pfb></usr/share/texlive/t
exmf-dist/fonts/type1/urw/times/utmbi8a.pfb></usr/share/texlive/texmf-dist/font
s/type1/urw/times/utmr8a.pfb></usr/share/texlive/texmf-dist/fonts/type1/urw/tim
es/utmri8a.pfb>
Output written on "Analisis matematico II.pdf" (47 pages, 875695 bytes).
PDF statistics:
 340 PDF objects out of 1000 (max. 8388607)
 202 compressed objects within 3 object streams
 0 named destinations out of 1000 (max. 500000)
 294 words of extra memory for PDF output out of 10000 (max. 10000000)

